<?xml version="1.0" encoding="UTF-8"?>
<testng-results skipped="0" failed="26" ignored="0" total="147" passed="121">
  <reporter-output>
  </reporter-output>
  <suite name="Default suite" duration-ms="2652074" started-at="2020-01-07T04:44:14Z" finished-at="2020-01-07T05:28:26Z">
    <groups>
    </groups>
    <test name="Default test" duration-ms="2652074" started-at="2020-01-07T04:44:14Z" finished-at="2020-01-07T05:28:26Z">
      <class name="com.nse.test.NSEMainTest">
        <test-method status="PASS" signature="setUp()[pri:0, instance:com.nse.test.NSEMainTest@100d6b1]" name="setUp" is-config="true" duration-ms="10032" started-at="2020-01-07T04:44:15Z" finished-at="2020-01-07T04:44:25Z">
          <reporter-output>
          </reporter-output>
        </test-method> <!-- setUp -->
        <test-method status="PASS" signature="callValuesTest(java.lang.String)[pri:0, instance:com.nse.test.NSEMainTest@100d6b1]" name="callValuesTest" duration-ms="9477" started-at="2020-01-07T04:44:25Z" data-provider="readTestData" finished-at="2020-01-07T04:44:34Z">
          <params>
            <param index="0">
              <value>
                <![CDATA[ACC]]>
              </value>
            </param>
          </params>
          <reporter-output>
          </reporter-output>
        </test-method> <!-- callValuesTest -->
        <test-method status="PASS" signature="tearDown()[pri:0, instance:com.nse.test.NSEMainTest@100d6b1]" name="tearDown" is-config="true" duration-ms="662" started-at="2020-01-07T04:44:34Z" finished-at="2020-01-07T04:44:35Z">
          <reporter-output>
          </reporter-output>
        </test-method> <!-- tearDown -->
        <test-method status="PASS" signature="setUp()[pri:0, instance:com.nse.test.NSEMainTest@100d6b1]" name="setUp" is-config="true" duration-ms="9347" started-at="2020-01-07T04:44:35Z" finished-at="2020-01-07T04:44:44Z">
          <reporter-output>
          </reporter-output>
        </test-method> <!-- setUp -->
        <test-method status="PASS" signature="callValuesTest(java.lang.String)[pri:0, instance:com.nse.test.NSEMainTest@100d6b1]" name="callValuesTest" duration-ms="6687" started-at="2020-01-07T04:44:44Z" data-provider="readTestData" finished-at="2020-01-07T04:44:51Z">
          <params>
            <param index="0">
              <value>
                <![CDATA[ADANIENT]]>
              </value>
            </param>
          </params>
          <reporter-output>
          </reporter-output>
        </test-method> <!-- callValuesTest -->
        <test-method status="PASS" signature="tearDown()[pri:0, instance:com.nse.test.NSEMainTest@100d6b1]" name="tearDown" is-config="true" duration-ms="672" started-at="2020-01-07T04:44:51Z" finished-at="2020-01-07T04:44:51Z">
          <reporter-output>
          </reporter-output>
        </test-method> <!-- tearDown -->
        <test-method status="PASS" signature="setUp()[pri:0, instance:com.nse.test.NSEMainTest@100d6b1]" name="setUp" is-config="true" duration-ms="9307" started-at="2020-01-07T04:44:51Z" finished-at="2020-01-07T04:45:01Z">
          <reporter-output>
          </reporter-output>
        </test-method> <!-- setUp -->
        <test-method status="PASS" signature="callValuesTest(java.lang.String)[pri:0, instance:com.nse.test.NSEMainTest@100d6b1]" name="callValuesTest" duration-ms="9286" started-at="2020-01-07T04:45:01Z" data-provider="readTestData" finished-at="2020-01-07T04:45:10Z">
          <params>
            <param index="0">
              <value>
                <![CDATA[ADANIPORTS]]>
              </value>
            </param>
          </params>
          <reporter-output>
          </reporter-output>
        </test-method> <!-- callValuesTest -->
        <test-method status="PASS" signature="tearDown()[pri:0, instance:com.nse.test.NSEMainTest@100d6b1]" name="tearDown" is-config="true" duration-ms="685" started-at="2020-01-07T04:45:10Z" finished-at="2020-01-07T04:45:11Z">
          <reporter-output>
          </reporter-output>
        </test-method> <!-- tearDown -->
        <test-method status="PASS" signature="setUp()[pri:0, instance:com.nse.test.NSEMainTest@100d6b1]" name="setUp" is-config="true" duration-ms="9204" started-at="2020-01-07T04:45:11Z" finished-at="2020-01-07T04:45:20Z">
          <reporter-output>
          </reporter-output>
        </test-method> <!-- setUp -->
        <test-method status="FAIL" signature="callValuesTest(java.lang.String)[pri:0, instance:com.nse.test.NSEMainTest@100d6b1]" name="callValuesTest" duration-ms="6916" started-at="2020-01-07T04:45:20Z" data-provider="readTestData" finished-at="2020-01-07T04:45:27Z">
          <params>
            <param index="0">
              <value>
                <![CDATA[ADANIPOWER]]>
              </value>
            </param>
          </params>
          <exception class="java.lang.NumberFormatException">
            <message>
              <![CDATA[For input string: "-"]]>
            </message>
            <full-stacktrace>
              <![CDATA[java.lang.NumberFormatException: For input string: "-"
at sun.misc.FloatingDecimal.readJavaFormatString(FloatingDecimal.java:2043)
at sun.misc.FloatingDecimal.parseFloat(FloatingDecimal.java:122)
at java.lang.Float.parseFloat(Float.java:451)
at com.nse.pages.NSEMainPage.getPutLTPValue(NSEMainPage.java:125)
at com.nse.test.NSEMainTest.callValuesTest(NSEMainTest.java:65)
at sun.reflect.NativeMethodAccessorImpl.invoke0(Native Method)
at sun.reflect.NativeMethodAccessorImpl.invoke(NativeMethodAccessorImpl.java:62)
at sun.reflect.DelegatingMethodAccessorImpl.invoke(DelegatingMethodAccessorImpl.java:43)
at java.lang.reflect.Method.invoke(Method.java:498)
at org.testng.internal.MethodInvocationHelper.invokeMethod(MethodInvocationHelper.java:124)
at org.testng.internal.Invoker.invokeMethod(Invoker.java:583)
at org.testng.internal.Invoker.invokeTestMethod(Invoker.java:719)
at org.testng.internal.Invoker.invokeTestMethods(Invoker.java:989)
at org.testng.internal.TestMethodWorker.invokeTestMethods(TestMethodWorker.java:125)
at org.testng.internal.TestMethodWorker.run(TestMethodWorker.java:109)
at org.testng.TestRunner.privateRun(TestRunner.java:648)
at org.testng.TestRunner.run(TestRunner.java:505)
at org.testng.SuiteRunner.runTest(SuiteRunner.java:455)
at org.testng.SuiteRunner.runSequentially(SuiteRunner.java:450)
at org.testng.SuiteRunner.privateRun(SuiteRunner.java:415)
at org.testng.SuiteRunner.run(SuiteRunner.java:364)
at org.testng.SuiteRunnerWorker.runSuite(SuiteRunnerWorker.java:52)
at org.testng.SuiteRunnerWorker.run(SuiteRunnerWorker.java:84)
at org.testng.TestNG.runSuitesSequentially(TestNG.java:1208)
at org.testng.TestNG.runSuitesLocally(TestNG.java:1137)
at org.testng.TestNG.runSuites(TestNG.java:1049)
at org.testng.TestNG.run(TestNG.java:1017)
at org.testng.remote.AbstractRemoteTestNG.run(AbstractRemoteTestNG.java:114)
at org.testng.remote.RemoteTestNG.initAndRun(RemoteTestNG.java:251)
at org.testng.remote.RemoteTestNG.main(RemoteTestNG.java:77)
]]>
            </full-stacktrace>
          </exception> <!-- java.lang.NumberFormatException -->
          <reporter-output>
          </reporter-output>
        </test-method> <!-- callValuesTest -->
        <test-method status="PASS" signature="tearDown()[pri:0, instance:com.nse.test.NSEMainTest@100d6b1]" name="tearDown" is-config="true" duration-ms="638" started-at="2020-01-07T04:45:27Z" finished-at="2020-01-07T04:45:27Z">
          <reporter-output>
          </reporter-output>
        </test-method> <!-- tearDown -->
        <test-method status="PASS" signature="setUp()[pri:0, instance:com.nse.test.NSEMainTest@100d6b1]" name="setUp" is-config="true" duration-ms="9261" started-at="2020-01-07T04:45:27Z" finished-at="2020-01-07T04:45:37Z">
          <reporter-output>
          </reporter-output>
        </test-method> <!-- setUp -->
        <test-method status="FAIL" signature="callValuesTest(java.lang.String)[pri:0, instance:com.nse.test.NSEMainTest@100d6b1]" name="callValuesTest" duration-ms="6306" started-at="2020-01-07T04:45:37Z" data-provider="readTestData" finished-at="2020-01-07T04:45:43Z">
          <params>
            <param index="0">
              <value>
                <![CDATA[AMARAJABAT]]>
              </value>
            </param>
          </params>
          <exception class="java.lang.NumberFormatException">
            <message>
              <![CDATA[For input string: "-"]]>
            </message>
            <full-stacktrace>
              <![CDATA[java.lang.NumberFormatException: For input string: "-"
at sun.misc.FloatingDecimal.readJavaFormatString(FloatingDecimal.java:2043)
at sun.misc.FloatingDecimal.parseFloat(FloatingDecimal.java:122)
at java.lang.Float.parseFloat(Float.java:451)
at com.nse.pages.NSEMainPage.getPutLTPValue(NSEMainPage.java:125)
at com.nse.test.NSEMainTest.callValuesTest(NSEMainTest.java:65)
at sun.reflect.NativeMethodAccessorImpl.invoke0(Native Method)
at sun.reflect.NativeMethodAccessorImpl.invoke(NativeMethodAccessorImpl.java:62)
at sun.reflect.DelegatingMethodAccessorImpl.invoke(DelegatingMethodAccessorImpl.java:43)
at java.lang.reflect.Method.invoke(Method.java:498)
at org.testng.internal.MethodInvocationHelper.invokeMethod(MethodInvocationHelper.java:124)
at org.testng.internal.Invoker.invokeMethod(Invoker.java:583)
at org.testng.internal.Invoker.invokeTestMethod(Invoker.java:719)
at org.testng.internal.Invoker.invokeTestMethods(Invoker.java:989)
at org.testng.internal.TestMethodWorker.invokeTestMethods(TestMethodWorker.java:125)
at org.testng.internal.TestMethodWorker.run(TestMethodWorker.java:109)
at org.testng.TestRunner.privateRun(TestRunner.java:648)
at org.testng.TestRunner.run(TestRunner.java:505)
at org.testng.SuiteRunner.runTest(SuiteRunner.java:455)
at org.testng.SuiteRunner.runSequentially(SuiteRunner.java:450)
at org.testng.SuiteRunner.privateRun(SuiteRunner.java:415)
at org.testng.SuiteRunner.run(SuiteRunner.java:364)
at org.testng.SuiteRunnerWorker.runSuite(SuiteRunnerWorker.java:52)
at org.testng.SuiteRunnerWorker.run(SuiteRunnerWorker.java:84)
at org.testng.TestNG.runSuitesSequentially(TestNG.java:1208)
at org.testng.TestNG.runSuitesLocally(TestNG.java:1137)
at org.testng.TestNG.runSuites(TestNG.java:1049)
at org.testng.TestNG.run(TestNG.java:1017)
at org.testng.remote.AbstractRemoteTestNG.run(AbstractRemoteTestNG.java:114)
at org.testng.remote.RemoteTestNG.initAndRun(RemoteTestNG.java:251)
at org.testng.remote.RemoteTestNG.main(RemoteTestNG.java:77)
]]>
            </full-stacktrace>
          </exception> <!-- java.lang.NumberFormatException -->
          <reporter-output>
          </reporter-output>
        </test-method> <!-- callValuesTest -->
        <test-method status="PASS" signature="tearDown()[pri:0, instance:com.nse.test.NSEMainTest@100d6b1]" name="tearDown" is-config="true" duration-ms="640" started-at="2020-01-07T04:45:43Z" finished-at="2020-01-07T04:45:44Z">
          <reporter-output>
          </reporter-output>
        </test-method> <!-- tearDown -->
        <test-method status="PASS" signature="setUp()[pri:0, instance:com.nse.test.NSEMainTest@100d6b1]" name="setUp" is-config="true" duration-ms="9602" started-at="2020-01-07T04:45:44Z" finished-at="2020-01-07T04:45:53Z">
          <reporter-output>
          </reporter-output>
        </test-method> <!-- setUp -->
        <test-method status="PASS" signature="callValuesTest(java.lang.String)[pri:0, instance:com.nse.test.NSEMainTest@100d6b1]" name="callValuesTest" duration-ms="7532" started-at="2020-01-07T04:45:53Z" data-provider="readTestData" finished-at="2020-01-07T04:46:01Z">
          <params>
            <param index="0">
              <value>
                <![CDATA[AMBUJACEM]]>
              </value>
            </param>
          </params>
          <reporter-output>
          </reporter-output>
        </test-method> <!-- callValuesTest -->
        <test-method status="PASS" signature="tearDown()[pri:0, instance:com.nse.test.NSEMainTest@100d6b1]" name="tearDown" is-config="true" duration-ms="621" started-at="2020-01-07T04:46:01Z" finished-at="2020-01-07T04:46:01Z">
          <reporter-output>
          </reporter-output>
        </test-method> <!-- tearDown -->
        <test-method status="PASS" signature="setUp()[pri:0, instance:com.nse.test.NSEMainTest@100d6b1]" name="setUp" is-config="true" duration-ms="9344" started-at="2020-01-07T04:46:01Z" finished-at="2020-01-07T04:46:11Z">
          <reporter-output>
          </reporter-output>
        </test-method> <!-- setUp -->
        <test-method status="PASS" signature="callValuesTest(java.lang.String)[pri:0, instance:com.nse.test.NSEMainTest@100d6b1]" name="callValuesTest" duration-ms="8292" started-at="2020-01-07T04:46:11Z" data-provider="readTestData" finished-at="2020-01-07T04:46:19Z">
          <params>
            <param index="0">
              <value>
                <![CDATA[APOLLOHOSP]]>
              </value>
            </param>
          </params>
          <reporter-output>
          </reporter-output>
        </test-method> <!-- callValuesTest -->
        <test-method status="PASS" signature="tearDown()[pri:0, instance:com.nse.test.NSEMainTest@100d6b1]" name="tearDown" is-config="true" duration-ms="630" started-at="2020-01-07T04:46:19Z" finished-at="2020-01-07T04:46:20Z">
          <reporter-output>
          </reporter-output>
        </test-method> <!-- tearDown -->
        <test-method status="PASS" signature="setUp()[pri:0, instance:com.nse.test.NSEMainTest@100d6b1]" name="setUp" is-config="true" duration-ms="9314" started-at="2020-01-07T04:46:20Z" finished-at="2020-01-07T04:46:29Z">
          <reporter-output>
          </reporter-output>
        </test-method> <!-- setUp -->
        <test-method status="PASS" signature="callValuesTest(java.lang.String)[pri:0, instance:com.nse.test.NSEMainTest@100d6b1]" name="callValuesTest" duration-ms="7158" started-at="2020-01-07T04:46:29Z" data-provider="readTestData" finished-at="2020-01-07T04:46:36Z">
          <params>
            <param index="0">
              <value>
                <![CDATA[APOLLOTYRE]]>
              </value>
            </param>
          </params>
          <reporter-output>
          </reporter-output>
        </test-method> <!-- callValuesTest -->
        <test-method status="PASS" signature="tearDown()[pri:0, instance:com.nse.test.NSEMainTest@100d6b1]" name="tearDown" is-config="true" duration-ms="639" started-at="2020-01-07T04:46:36Z" finished-at="2020-01-07T04:46:37Z">
          <reporter-output>
          </reporter-output>
        </test-method> <!-- tearDown -->
        <test-method status="PASS" signature="setUp()[pri:0, instance:com.nse.test.NSEMainTest@100d6b1]" name="setUp" is-config="true" duration-ms="9251" started-at="2020-01-07T04:46:37Z" finished-at="2020-01-07T04:46:46Z">
          <reporter-output>
          </reporter-output>
        </test-method> <!-- setUp -->
        <test-method status="PASS" signature="callValuesTest(java.lang.String)[pri:0, instance:com.nse.test.NSEMainTest@100d6b1]" name="callValuesTest" duration-ms="6994" started-at="2020-01-07T04:46:46Z" data-provider="readTestData" finished-at="2020-01-07T04:46:53Z">
          <params>
            <param index="0">
              <value>
                <![CDATA[ASHOKLEY]]>
              </value>
            </param>
          </params>
          <reporter-output>
          </reporter-output>
        </test-method> <!-- callValuesTest -->
        <test-method status="PASS" signature="tearDown()[pri:0, instance:com.nse.test.NSEMainTest@100d6b1]" name="tearDown" is-config="true" duration-ms="610" started-at="2020-01-07T04:46:53Z" finished-at="2020-01-07T04:46:54Z">
          <reporter-output>
          </reporter-output>
        </test-method> <!-- tearDown -->
        <test-method status="PASS" signature="setUp()[pri:0, instance:com.nse.test.NSEMainTest@100d6b1]" name="setUp" is-config="true" duration-ms="9231" started-at="2020-01-07T04:46:54Z" finished-at="2020-01-07T04:47:03Z">
          <reporter-output>
          </reporter-output>
        </test-method> <!-- setUp -->
        <test-method status="PASS" signature="callValuesTest(java.lang.String)[pri:0, instance:com.nse.test.NSEMainTest@100d6b1]" name="callValuesTest" duration-ms="5502" started-at="2020-01-07T04:47:03Z" data-provider="readTestData" finished-at="2020-01-07T04:47:08Z">
          <params>
            <param index="0">
              <value>
                <![CDATA[ASIANPAINT]]>
              </value>
            </param>
          </params>
          <reporter-output>
          </reporter-output>
        </test-method> <!-- callValuesTest -->
        <test-method status="PASS" signature="tearDown()[pri:0, instance:com.nse.test.NSEMainTest@100d6b1]" name="tearDown" is-config="true" duration-ms="652" started-at="2020-01-07T04:47:08Z" finished-at="2020-01-07T04:47:09Z">
          <reporter-output>
          </reporter-output>
        </test-method> <!-- tearDown -->
        <test-method status="PASS" signature="setUp()[pri:0, instance:com.nse.test.NSEMainTest@100d6b1]" name="setUp" is-config="true" duration-ms="9265" started-at="2020-01-07T04:47:09Z" finished-at="2020-01-07T04:47:18Z">
          <reporter-output>
          </reporter-output>
        </test-method> <!-- setUp -->
        <test-method status="PASS" signature="callValuesTest(java.lang.String)[pri:0, instance:com.nse.test.NSEMainTest@100d6b1]" name="callValuesTest" duration-ms="7880" started-at="2020-01-07T04:47:18Z" data-provider="readTestData" finished-at="2020-01-07T04:47:26Z">
          <params>
            <param index="0">
              <value>
                <![CDATA[AUROPHARMA]]>
              </value>
            </param>
          </params>
          <reporter-output>
          </reporter-output>
        </test-method> <!-- callValuesTest -->
        <test-method status="PASS" signature="tearDown()[pri:0, instance:com.nse.test.NSEMainTest@100d6b1]" name="tearDown" is-config="true" duration-ms="613" started-at="2020-01-07T04:47:26Z" finished-at="2020-01-07T04:47:27Z">
          <reporter-output>
          </reporter-output>
        </test-method> <!-- tearDown -->
        <test-method status="PASS" signature="setUp()[pri:0, instance:com.nse.test.NSEMainTest@100d6b1]" name="setUp" is-config="true" duration-ms="9207" started-at="2020-01-07T04:47:27Z" finished-at="2020-01-07T04:47:36Z">
          <reporter-output>
          </reporter-output>
        </test-method> <!-- setUp -->
        <test-method status="PASS" signature="callValuesTest(java.lang.String)[pri:0, instance:com.nse.test.NSEMainTest@100d6b1]" name="callValuesTest" duration-ms="8243" started-at="2020-01-07T04:47:36Z" data-provider="readTestData" finished-at="2020-01-07T04:47:44Z">
          <params>
            <param index="0">
              <value>
                <![CDATA[AXISBANK]]>
              </value>
            </param>
          </params>
          <reporter-output>
          </reporter-output>
        </test-method> <!-- callValuesTest -->
        <test-method status="PASS" signature="tearDown()[pri:0, instance:com.nse.test.NSEMainTest@100d6b1]" name="tearDown" is-config="true" duration-ms="613" started-at="2020-01-07T04:47:44Z" finished-at="2020-01-07T04:47:45Z">
          <reporter-output>
          </reporter-output>
        </test-method> <!-- tearDown -->
        <test-method status="PASS" signature="setUp()[pri:0, instance:com.nse.test.NSEMainTest@100d6b1]" name="setUp" is-config="true" duration-ms="9266" started-at="2020-01-07T04:47:45Z" finished-at="2020-01-07T04:47:54Z">
          <reporter-output>
          </reporter-output>
        </test-method> <!-- setUp -->
        <test-method status="PASS" signature="callValuesTest(java.lang.String)[pri:0, instance:com.nse.test.NSEMainTest@100d6b1]" name="callValuesTest" duration-ms="5475" started-at="2020-01-07T04:47:54Z" data-provider="readTestData" finished-at="2020-01-07T04:48:00Z">
          <params>
            <param index="0">
              <value>
                <![CDATA[BAJAJ-AUTO]]>
              </value>
            </param>
          </params>
          <reporter-output>
          </reporter-output>
        </test-method> <!-- callValuesTest -->
        <test-method status="PASS" signature="tearDown()[pri:0, instance:com.nse.test.NSEMainTest@100d6b1]" name="tearDown" is-config="true" duration-ms="627" started-at="2020-01-07T04:48:00Z" finished-at="2020-01-07T04:48:00Z">
          <reporter-output>
          </reporter-output>
        </test-method> <!-- tearDown -->
        <test-method status="PASS" signature="setUp()[pri:0, instance:com.nse.test.NSEMainTest@100d6b1]" name="setUp" is-config="true" duration-ms="9310" started-at="2020-01-07T04:48:00Z" finished-at="2020-01-07T04:48:10Z">
          <reporter-output>
          </reporter-output>
        </test-method> <!-- setUp -->
        <test-method status="PASS" signature="callValuesTest(java.lang.String)[pri:0, instance:com.nse.test.NSEMainTest@100d6b1]" name="callValuesTest" duration-ms="7505" started-at="2020-01-07T04:48:10Z" data-provider="readTestData" finished-at="2020-01-07T04:48:17Z">
          <params>
            <param index="0">
              <value>
                <![CDATA[BAJAJFINSV]]>
              </value>
            </param>
          </params>
          <reporter-output>
          </reporter-output>
        </test-method> <!-- callValuesTest -->
        <test-method status="PASS" signature="tearDown()[pri:0, instance:com.nse.test.NSEMainTest@100d6b1]" name="tearDown" is-config="true" duration-ms="636" started-at="2020-01-07T04:48:17Z" finished-at="2020-01-07T04:48:18Z">
          <reporter-output>
          </reporter-output>
        </test-method> <!-- tearDown -->
        <test-method status="PASS" signature="setUp()[pri:0, instance:com.nse.test.NSEMainTest@100d6b1]" name="setUp" is-config="true" duration-ms="9549" started-at="2020-01-07T04:48:18Z" finished-at="2020-01-07T04:48:27Z">
          <reporter-output>
          </reporter-output>
        </test-method> <!-- setUp -->
        <test-method status="PASS" signature="callValuesTest(java.lang.String)[pri:0, instance:com.nse.test.NSEMainTest@100d6b1]" name="callValuesTest" duration-ms="7869" started-at="2020-01-07T04:48:27Z" data-provider="readTestData" finished-at="2020-01-07T04:48:35Z">
          <params>
            <param index="0">
              <value>
                <![CDATA[BAJFINANCE]]>
              </value>
            </param>
          </params>
          <reporter-output>
          </reporter-output>
        </test-method> <!-- callValuesTest -->
        <test-method status="PASS" signature="tearDown()[pri:0, instance:com.nse.test.NSEMainTest@100d6b1]" name="tearDown" is-config="true" duration-ms="673" started-at="2020-01-07T04:48:35Z" finished-at="2020-01-07T04:48:36Z">
          <reporter-output>
          </reporter-output>
        </test-method> <!-- tearDown -->
        <test-method status="PASS" signature="setUp()[pri:0, instance:com.nse.test.NSEMainTest@100d6b1]" name="setUp" is-config="true" duration-ms="9346" started-at="2020-01-07T04:48:36Z" finished-at="2020-01-07T04:48:45Z">
          <reporter-output>
          </reporter-output>
        </test-method> <!-- setUp -->
        <test-method status="PASS" signature="callValuesTest(java.lang.String)[pri:0, instance:com.nse.test.NSEMainTest@100d6b1]" name="callValuesTest" duration-ms="6400" started-at="2020-01-07T04:48:45Z" data-provider="readTestData" finished-at="2020-01-07T04:48:52Z">
          <params>
            <param index="0">
              <value>
                <![CDATA[BALKRISIND]]>
              </value>
            </param>
          </params>
          <reporter-output>
          </reporter-output>
        </test-method> <!-- callValuesTest -->
        <test-method status="PASS" signature="tearDown()[pri:0, instance:com.nse.test.NSEMainTest@100d6b1]" name="tearDown" is-config="true" duration-ms="693" started-at="2020-01-07T04:48:52Z" finished-at="2020-01-07T04:48:52Z">
          <reporter-output>
          </reporter-output>
        </test-method> <!-- tearDown -->
        <test-method status="PASS" signature="setUp()[pri:0, instance:com.nse.test.NSEMainTest@100d6b1]" name="setUp" is-config="true" duration-ms="9368" started-at="2020-01-07T04:48:52Z" finished-at="2020-01-07T04:49:02Z">
          <reporter-output>
          </reporter-output>
        </test-method> <!-- setUp -->
        <test-method status="PASS" signature="callValuesTest(java.lang.String)[pri:0, instance:com.nse.test.NSEMainTest@100d6b1]" name="callValuesTest" duration-ms="7994" started-at="2020-01-07T04:49:02Z" data-provider="readTestData" finished-at="2020-01-07T04:49:10Z">
          <params>
            <param index="0">
              <value>
                <![CDATA[BANKBARODA]]>
              </value>
            </param>
          </params>
          <reporter-output>
          </reporter-output>
        </test-method> <!-- callValuesTest -->
        <test-method status="PASS" signature="tearDown()[pri:0, instance:com.nse.test.NSEMainTest@100d6b1]" name="tearDown" is-config="true" duration-ms="673" started-at="2020-01-07T04:49:10Z" finished-at="2020-01-07T04:49:10Z">
          <reporter-output>
          </reporter-output>
        </test-method> <!-- tearDown -->
        <test-method status="PASS" signature="setUp()[pri:0, instance:com.nse.test.NSEMainTest@100d6b1]" name="setUp" is-config="true" duration-ms="9326" started-at="2020-01-07T04:49:10Z" finished-at="2020-01-07T04:49:20Z">
          <reporter-output>
          </reporter-output>
        </test-method> <!-- setUp -->
        <test-method status="PASS" signature="callValuesTest(java.lang.String)[pri:0, instance:com.nse.test.NSEMainTest@100d6b1]" name="callValuesTest" duration-ms="8698" started-at="2020-01-07T04:49:20Z" data-provider="readTestData" finished-at="2020-01-07T04:49:28Z">
          <params>
            <param index="0">
              <value>
                <![CDATA[BANKNIFTY]]>
              </value>
            </param>
          </params>
          <reporter-output>
          </reporter-output>
        </test-method> <!-- callValuesTest -->
        <test-method status="PASS" signature="tearDown()[pri:0, instance:com.nse.test.NSEMainTest@100d6b1]" name="tearDown" is-config="true" duration-ms="687" started-at="2020-01-07T04:49:28Z" finished-at="2020-01-07T04:49:29Z">
          <reporter-output>
          </reporter-output>
        </test-method> <!-- tearDown -->
        <test-method status="PASS" signature="setUp()[pri:0, instance:com.nse.test.NSEMainTest@100d6b1]" name="setUp" is-config="true" duration-ms="9345" started-at="2020-01-07T04:49:29Z" finished-at="2020-01-07T04:49:38Z">
          <reporter-output>
          </reporter-output>
        </test-method> <!-- setUp -->
        <test-method status="PASS" signature="callValuesTest(java.lang.String)[pri:0, instance:com.nse.test.NSEMainTest@100d6b1]" name="callValuesTest" duration-ms="7425" started-at="2020-01-07T04:49:38Z" data-provider="readTestData" finished-at="2020-01-07T04:49:46Z">
          <params>
            <param index="0">
              <value>
                <![CDATA[BATAINDIA]]>
              </value>
            </param>
          </params>
          <reporter-output>
          </reporter-output>
        </test-method> <!-- callValuesTest -->
        <test-method status="PASS" signature="tearDown()[pri:0, instance:com.nse.test.NSEMainTest@100d6b1]" name="tearDown" is-config="true" duration-ms="688" started-at="2020-01-07T04:49:46Z" finished-at="2020-01-07T04:49:46Z">
          <reporter-output>
          </reporter-output>
        </test-method> <!-- tearDown -->
        <test-method status="PASS" signature="setUp()[pri:0, instance:com.nse.test.NSEMainTest@100d6b1]" name="setUp" is-config="true" duration-ms="9297" started-at="2020-01-07T04:49:46Z" finished-at="2020-01-07T04:49:56Z">
          <reporter-output>
          </reporter-output>
        </test-method> <!-- setUp -->
        <test-method status="PASS" signature="callValuesTest(java.lang.String)[pri:0, instance:com.nse.test.NSEMainTest@100d6b1]" name="callValuesTest" duration-ms="8196" started-at="2020-01-07T04:49:56Z" data-provider="readTestData" finished-at="2020-01-07T04:50:04Z">
          <params>
            <param index="0">
              <value>
                <![CDATA[BEL]]>
              </value>
            </param>
          </params>
          <reporter-output>
          </reporter-output>
        </test-method> <!-- callValuesTest -->
        <test-method status="PASS" signature="tearDown()[pri:0, instance:com.nse.test.NSEMainTest@100d6b1]" name="tearDown" is-config="true" duration-ms="627" started-at="2020-01-07T04:50:04Z" finished-at="2020-01-07T04:50:05Z">
          <reporter-output>
          </reporter-output>
        </test-method> <!-- tearDown -->
        <test-method status="PASS" signature="setUp()[pri:0, instance:com.nse.test.NSEMainTest@100d6b1]" name="setUp" is-config="true" duration-ms="9388" started-at="2020-01-07T04:50:05Z" finished-at="2020-01-07T04:50:14Z">
          <reporter-output>
          </reporter-output>
        </test-method> <!-- setUp -->
        <test-method status="PASS" signature="callValuesTest(java.lang.String)[pri:0, instance:com.nse.test.NSEMainTest@100d6b1]" name="callValuesTest" duration-ms="8720" started-at="2020-01-07T04:50:14Z" data-provider="readTestData" finished-at="2020-01-07T04:50:23Z">
          <params>
            <param index="0">
              <value>
                <![CDATA[BERGEPAINT]]>
              </value>
            </param>
          </params>
          <reporter-output>
          </reporter-output>
        </test-method> <!-- callValuesTest -->
        <test-method status="PASS" signature="tearDown()[pri:0, instance:com.nse.test.NSEMainTest@100d6b1]" name="tearDown" is-config="true" duration-ms="780" started-at="2020-01-07T04:50:23Z" finished-at="2020-01-07T04:50:23Z">
          <reporter-output>
          </reporter-output>
        </test-method> <!-- tearDown -->
        <test-method status="PASS" signature="setUp()[pri:0, instance:com.nse.test.NSEMainTest@100d6b1]" name="setUp" is-config="true" duration-ms="9388" started-at="2020-01-07T04:50:23Z" finished-at="2020-01-07T04:50:33Z">
          <reporter-output>
          </reporter-output>
        </test-method> <!-- setUp -->
        <test-method status="PASS" signature="callValuesTest(java.lang.String)[pri:0, instance:com.nse.test.NSEMainTest@100d6b1]" name="callValuesTest" duration-ms="5568" started-at="2020-01-07T04:50:33Z" data-provider="readTestData" finished-at="2020-01-07T04:50:38Z">
          <params>
            <param index="0">
              <value>
                <![CDATA[BHARATFORG]]>
              </value>
            </param>
          </params>
          <reporter-output>
          </reporter-output>
        </test-method> <!-- callValuesTest -->
        <test-method status="PASS" signature="tearDown()[pri:0, instance:com.nse.test.NSEMainTest@100d6b1]" name="tearDown" is-config="true" duration-ms="663" started-at="2020-01-07T04:50:38Z" finished-at="2020-01-07T04:50:39Z">
          <reporter-output>
          </reporter-output>
        </test-method> <!-- tearDown -->
        <test-method status="PASS" signature="setUp()[pri:0, instance:com.nse.test.NSEMainTest@100d6b1]" name="setUp" is-config="true" duration-ms="9284" started-at="2020-01-07T04:50:39Z" finished-at="2020-01-07T04:50:48Z">
          <reporter-output>
          </reporter-output>
        </test-method> <!-- setUp -->
        <test-method status="PASS" signature="callValuesTest(java.lang.String)[pri:0, instance:com.nse.test.NSEMainTest@100d6b1]" name="callValuesTest" duration-ms="10542" started-at="2020-01-07T04:50:48Z" data-provider="readTestData" finished-at="2020-01-07T04:50:59Z">
          <params>
            <param index="0">
              <value>
                <![CDATA[BHARTIARTL]]>
              </value>
            </param>
          </params>
          <reporter-output>
          </reporter-output>
        </test-method> <!-- callValuesTest -->
        <test-method status="PASS" signature="tearDown()[pri:0, instance:com.nse.test.NSEMainTest@100d6b1]" name="tearDown" is-config="true" duration-ms="649" started-at="2020-01-07T04:50:59Z" finished-at="2020-01-07T04:51:00Z">
          <reporter-output>
          </reporter-output>
        </test-method> <!-- tearDown -->
        <test-method status="PASS" signature="setUp()[pri:0, instance:com.nse.test.NSEMainTest@100d6b1]" name="setUp" is-config="true" duration-ms="9325" started-at="2020-01-07T04:51:00Z" finished-at="2020-01-07T04:51:09Z">
          <reporter-output>
          </reporter-output>
        </test-method> <!-- setUp -->
        <test-method status="PASS" signature="callValuesTest(java.lang.String)[pri:0, instance:com.nse.test.NSEMainTest@100d6b1]" name="callValuesTest" duration-ms="7152" started-at="2020-01-07T04:51:09Z" data-provider="readTestData" finished-at="2020-01-07T04:51:16Z">
          <params>
            <param index="0">
              <value>
                <![CDATA[BHEL]]>
              </value>
            </param>
          </params>
          <reporter-output>
          </reporter-output>
        </test-method> <!-- callValuesTest -->
        <test-method status="PASS" signature="tearDown()[pri:0, instance:com.nse.test.NSEMainTest@100d6b1]" name="tearDown" is-config="true" duration-ms="678" started-at="2020-01-07T04:51:16Z" finished-at="2020-01-07T04:51:17Z">
          <reporter-output>
          </reporter-output>
        </test-method> <!-- tearDown -->
        <test-method status="PASS" signature="setUp()[pri:0, instance:com.nse.test.NSEMainTest@100d6b1]" name="setUp" is-config="true" duration-ms="9322" started-at="2020-01-07T04:51:17Z" finished-at="2020-01-07T04:51:26Z">
          <reporter-output>
          </reporter-output>
        </test-method> <!-- setUp -->
        <test-method status="PASS" signature="callValuesTest(java.lang.String)[pri:0, instance:com.nse.test.NSEMainTest@100d6b1]" name="callValuesTest" duration-ms="9091" started-at="2020-01-07T04:51:26Z" data-provider="readTestData" finished-at="2020-01-07T04:51:35Z">
          <params>
            <param index="0">
              <value>
                <![CDATA[BIOCON]]>
              </value>
            </param>
          </params>
          <reporter-output>
          </reporter-output>
        </test-method> <!-- callValuesTest -->
        <test-method status="PASS" signature="tearDown()[pri:0, instance:com.nse.test.NSEMainTest@100d6b1]" name="tearDown" is-config="true" duration-ms="630" started-at="2020-01-07T04:51:35Z" finished-at="2020-01-07T04:51:36Z">
          <reporter-output>
          </reporter-output>
        </test-method> <!-- tearDown -->
        <test-method status="PASS" signature="setUp()[pri:0, instance:com.nse.test.NSEMainTest@100d6b1]" name="setUp" is-config="true" duration-ms="9382" started-at="2020-01-07T04:51:36Z" finished-at="2020-01-07T04:51:45Z">
          <reporter-output>
          </reporter-output>
        </test-method> <!-- setUp -->
        <test-method status="FAIL" signature="callValuesTest(java.lang.String)[pri:0, instance:com.nse.test.NSEMainTest@100d6b1]" name="callValuesTest" duration-ms="8162" started-at="2020-01-07T04:51:45Z" data-provider="readTestData" finished-at="2020-01-07T04:51:53Z">
          <params>
            <param index="0">
              <value>
                <![CDATA[BOSCHLTD]]>
              </value>
            </param>
          </params>
          <exception class="java.lang.NumberFormatException">
            <message>
              <![CDATA[For input string: "-"]]>
            </message>
            <full-stacktrace>
              <![CDATA[java.lang.NumberFormatException: For input string: "-"
at sun.misc.FloatingDecimal.readJavaFormatString(FloatingDecimal.java:2043)
at sun.misc.FloatingDecimal.parseFloat(FloatingDecimal.java:122)
at java.lang.Float.parseFloat(Float.java:451)
at com.nse.pages.NSEMainPage.getCallLTPValue(NSEMainPage.java:117)
at com.nse.test.NSEMainTest.callValuesTest(NSEMainTest.java:64)
at sun.reflect.GeneratedMethodAccessor5.invoke(Unknown Source)
at sun.reflect.DelegatingMethodAccessorImpl.invoke(DelegatingMethodAccessorImpl.java:43)
at java.lang.reflect.Method.invoke(Method.java:498)
at org.testng.internal.MethodInvocationHelper.invokeMethod(MethodInvocationHelper.java:124)
at org.testng.internal.Invoker.invokeMethod(Invoker.java:583)
at org.testng.internal.Invoker.invokeTestMethod(Invoker.java:719)
at org.testng.internal.Invoker.invokeTestMethods(Invoker.java:989)
at org.testng.internal.TestMethodWorker.invokeTestMethods(TestMethodWorker.java:125)
at org.testng.internal.TestMethodWorker.run(TestMethodWorker.java:109)
at org.testng.TestRunner.privateRun(TestRunner.java:648)
at org.testng.TestRunner.run(TestRunner.java:505)
at org.testng.SuiteRunner.runTest(SuiteRunner.java:455)
at org.testng.SuiteRunner.runSequentially(SuiteRunner.java:450)
at org.testng.SuiteRunner.privateRun(SuiteRunner.java:415)
at org.testng.SuiteRunner.run(SuiteRunner.java:364)
at org.testng.SuiteRunnerWorker.runSuite(SuiteRunnerWorker.java:52)
at org.testng.SuiteRunnerWorker.run(SuiteRunnerWorker.java:84)
at org.testng.TestNG.runSuitesSequentially(TestNG.java:1208)
at org.testng.TestNG.runSuitesLocally(TestNG.java:1137)
at org.testng.TestNG.runSuites(TestNG.java:1049)
at org.testng.TestNG.run(TestNG.java:1017)
at org.testng.remote.AbstractRemoteTestNG.run(AbstractRemoteTestNG.java:114)
at org.testng.remote.RemoteTestNG.initAndRun(RemoteTestNG.java:251)
at org.testng.remote.RemoteTestNG.main(RemoteTestNG.java:77)
]]>
            </full-stacktrace>
          </exception> <!-- java.lang.NumberFormatException -->
          <reporter-output>
          </reporter-output>
        </test-method> <!-- callValuesTest -->
        <test-method status="PASS" signature="tearDown()[pri:0, instance:com.nse.test.NSEMainTest@100d6b1]" name="tearDown" is-config="true" duration-ms="636" started-at="2020-01-07T04:51:53Z" finished-at="2020-01-07T04:51:54Z">
          <reporter-output>
          </reporter-output>
        </test-method> <!-- tearDown -->
        <test-method status="PASS" signature="setUp()[pri:0, instance:com.nse.test.NSEMainTest@100d6b1]" name="setUp" is-config="true" duration-ms="9378" started-at="2020-01-07T04:51:54Z" finished-at="2020-01-07T04:52:03Z">
          <reporter-output>
          </reporter-output>
        </test-method> <!-- setUp -->
        <test-method status="PASS" signature="callValuesTest(java.lang.String)[pri:0, instance:com.nse.test.NSEMainTest@100d6b1]" name="callValuesTest" duration-ms="6658" started-at="2020-01-07T04:52:03Z" data-provider="readTestData" finished-at="2020-01-07T04:52:10Z">
          <params>
            <param index="0">
              <value>
                <![CDATA[BPCL]]>
              </value>
            </param>
          </params>
          <reporter-output>
          </reporter-output>
        </test-method> <!-- callValuesTest -->
        <test-method status="PASS" signature="tearDown()[pri:0, instance:com.nse.test.NSEMainTest@100d6b1]" name="tearDown" is-config="true" duration-ms="627" started-at="2020-01-07T04:52:10Z" finished-at="2020-01-07T04:52:11Z">
          <reporter-output>
          </reporter-output>
        </test-method> <!-- tearDown -->
        <test-method status="PASS" signature="setUp()[pri:0, instance:com.nse.test.NSEMainTest@100d6b1]" name="setUp" is-config="true" duration-ms="9282" started-at="2020-01-07T04:52:11Z" finished-at="2020-01-07T04:52:20Z">
          <reporter-output>
          </reporter-output>
        </test-method> <!-- setUp -->
        <test-method status="FAIL" signature="callValuesTest(java.lang.String)[pri:0, instance:com.nse.test.NSEMainTest@100d6b1]" name="callValuesTest" duration-ms="8897" started-at="2020-01-07T04:52:20Z" data-provider="readTestData" finished-at="2020-01-07T04:52:29Z">
          <params>
            <param index="0">
              <value>
                <![CDATA[BRITANNIA]]>
              </value>
            </param>
          </params>
          <exception class="java.lang.NumberFormatException">
            <message>
              <![CDATA[For input string: "-"]]>
            </message>
            <full-stacktrace>
              <![CDATA[java.lang.NumberFormatException: For input string: "-"
at sun.misc.FloatingDecimal.readJavaFormatString(FloatingDecimal.java:2043)
at sun.misc.FloatingDecimal.parseFloat(FloatingDecimal.java:122)
at java.lang.Float.parseFloat(Float.java:451)
at com.nse.pages.NSEMainPage.getPutLTPValue(NSEMainPage.java:125)
at com.nse.test.NSEMainTest.callValuesTest(NSEMainTest.java:65)
at sun.reflect.GeneratedMethodAccessor5.invoke(Unknown Source)
at sun.reflect.DelegatingMethodAccessorImpl.invoke(DelegatingMethodAccessorImpl.java:43)
at java.lang.reflect.Method.invoke(Method.java:498)
at org.testng.internal.MethodInvocationHelper.invokeMethod(MethodInvocationHelper.java:124)
at org.testng.internal.Invoker.invokeMethod(Invoker.java:583)
at org.testng.internal.Invoker.invokeTestMethod(Invoker.java:719)
at org.testng.internal.Invoker.invokeTestMethods(Invoker.java:989)
at org.testng.internal.TestMethodWorker.invokeTestMethods(TestMethodWorker.java:125)
at org.testng.internal.TestMethodWorker.run(TestMethodWorker.java:109)
at org.testng.TestRunner.privateRun(TestRunner.java:648)
at org.testng.TestRunner.run(TestRunner.java:505)
at org.testng.SuiteRunner.runTest(SuiteRunner.java:455)
at org.testng.SuiteRunner.runSequentially(SuiteRunner.java:450)
at org.testng.SuiteRunner.privateRun(SuiteRunner.java:415)
at org.testng.SuiteRunner.run(SuiteRunner.java:364)
at org.testng.SuiteRunnerWorker.runSuite(SuiteRunnerWorker.java:52)
at org.testng.SuiteRunnerWorker.run(SuiteRunnerWorker.java:84)
at org.testng.TestNG.runSuitesSequentially(TestNG.java:1208)
at org.testng.TestNG.runSuitesLocally(TestNG.java:1137)
at org.testng.TestNG.runSuites(TestNG.java:1049)
at org.testng.TestNG.run(TestNG.java:1017)
at org.testng.remote.AbstractRemoteTestNG.run(AbstractRemoteTestNG.java:114)
at org.testng.remote.RemoteTestNG.initAndRun(RemoteTestNG.java:251)
at org.testng.remote.RemoteTestNG.main(RemoteTestNG.java:77)
]]>
            </full-stacktrace>
          </exception> <!-- java.lang.NumberFormatException -->
          <reporter-output>
          </reporter-output>
        </test-method> <!-- callValuesTest -->
        <test-method status="PASS" signature="tearDown()[pri:0, instance:com.nse.test.NSEMainTest@100d6b1]" name="tearDown" is-config="true" duration-ms="630" started-at="2020-01-07T04:52:29Z" finished-at="2020-01-07T04:52:29Z">
          <reporter-output>
          </reporter-output>
        </test-method> <!-- tearDown -->
        <test-method status="PASS" signature="setUp()[pri:0, instance:com.nse.test.NSEMainTest@100d6b1]" name="setUp" is-config="true" duration-ms="9332" started-at="2020-01-07T04:52:29Z" finished-at="2020-01-07T04:52:39Z">
          <reporter-output>
          </reporter-output>
        </test-method> <!-- setUp -->
        <test-method status="PASS" signature="callValuesTest(java.lang.String)[pri:0, instance:com.nse.test.NSEMainTest@100d6b1]" name="callValuesTest" duration-ms="8357" started-at="2020-01-07T04:52:39Z" data-provider="readTestData" finished-at="2020-01-07T04:52:47Z">
          <params>
            <param index="0">
              <value>
                <![CDATA[CADILAHC]]>
              </value>
            </param>
          </params>
          <reporter-output>
          </reporter-output>
        </test-method> <!-- callValuesTest -->
        <test-method status="PASS" signature="tearDown()[pri:0, instance:com.nse.test.NSEMainTest@100d6b1]" name="tearDown" is-config="true" duration-ms="627" started-at="2020-01-07T04:52:47Z" finished-at="2020-01-07T04:52:48Z">
          <reporter-output>
          </reporter-output>
        </test-method> <!-- tearDown -->
        <test-method status="PASS" signature="setUp()[pri:0, instance:com.nse.test.NSEMainTest@100d6b1]" name="setUp" is-config="true" duration-ms="9317" started-at="2020-01-07T04:52:48Z" finished-at="2020-01-07T04:52:57Z">
          <reporter-output>
          </reporter-output>
        </test-method> <!-- setUp -->
        <test-method status="PASS" signature="callValuesTest(java.lang.String)[pri:0, instance:com.nse.test.NSEMainTest@100d6b1]" name="callValuesTest" duration-ms="7199" started-at="2020-01-07T04:52:57Z" data-provider="readTestData" finished-at="2020-01-07T04:53:04Z">
          <params>
            <param index="0">
              <value>
                <![CDATA[CANBK]]>
              </value>
            </param>
          </params>
          <reporter-output>
          </reporter-output>
        </test-method> <!-- callValuesTest -->
        <test-method status="PASS" signature="tearDown()[pri:0, instance:com.nse.test.NSEMainTest@100d6b1]" name="tearDown" is-config="true" duration-ms="644" started-at="2020-01-07T04:53:04Z" finished-at="2020-01-07T04:53:05Z">
          <reporter-output>
          </reporter-output>
        </test-method> <!-- tearDown -->
        <test-method status="PASS" signature="setUp()[pri:0, instance:com.nse.test.NSEMainTest@100d6b1]" name="setUp" is-config="true" duration-ms="9303" started-at="2020-01-07T04:53:05Z" finished-at="2020-01-07T04:53:14Z">
          <reporter-output>
          </reporter-output>
        </test-method> <!-- setUp -->
        <test-method status="FAIL" signature="callValuesTest(java.lang.String)[pri:0, instance:com.nse.test.NSEMainTest@100d6b1]" name="callValuesTest" duration-ms="7810" started-at="2020-01-07T04:53:14Z" data-provider="readTestData" finished-at="2020-01-07T04:53:22Z">
          <params>
            <param index="0">
              <value>
                <![CDATA[CASTROLIND]]>
              </value>
            </param>
          </params>
          <exception class="java.lang.NumberFormatException">
            <message>
              <![CDATA[For input string: "-"]]>
            </message>
            <full-stacktrace>
              <![CDATA[java.lang.NumberFormatException: For input string: "-"
at sun.misc.FloatingDecimal.readJavaFormatString(FloatingDecimal.java:2043)
at sun.misc.FloatingDecimal.parseFloat(FloatingDecimal.java:122)
at java.lang.Float.parseFloat(Float.java:451)
at com.nse.pages.NSEMainPage.getPutLTPValue(NSEMainPage.java:125)
at com.nse.test.NSEMainTest.callValuesTest(NSEMainTest.java:65)
at sun.reflect.GeneratedMethodAccessor5.invoke(Unknown Source)
at sun.reflect.DelegatingMethodAccessorImpl.invoke(DelegatingMethodAccessorImpl.java:43)
at java.lang.reflect.Method.invoke(Method.java:498)
at org.testng.internal.MethodInvocationHelper.invokeMethod(MethodInvocationHelper.java:124)
at org.testng.internal.Invoker.invokeMethod(Invoker.java:583)
at org.testng.internal.Invoker.invokeTestMethod(Invoker.java:719)
at org.testng.internal.Invoker.invokeTestMethods(Invoker.java:989)
at org.testng.internal.TestMethodWorker.invokeTestMethods(TestMethodWorker.java:125)
at org.testng.internal.TestMethodWorker.run(TestMethodWorker.java:109)
at org.testng.TestRunner.privateRun(TestRunner.java:648)
at org.testng.TestRunner.run(TestRunner.java:505)
at org.testng.SuiteRunner.runTest(SuiteRunner.java:455)
at org.testng.SuiteRunner.runSequentially(SuiteRunner.java:450)
at org.testng.SuiteRunner.privateRun(SuiteRunner.java:415)
at org.testng.SuiteRunner.run(SuiteRunner.java:364)
at org.testng.SuiteRunnerWorker.runSuite(SuiteRunnerWorker.java:52)
at org.testng.SuiteRunnerWorker.run(SuiteRunnerWorker.java:84)
at org.testng.TestNG.runSuitesSequentially(TestNG.java:1208)
at org.testng.TestNG.runSuitesLocally(TestNG.java:1137)
at org.testng.TestNG.runSuites(TestNG.java:1049)
at org.testng.TestNG.run(TestNG.java:1017)
at org.testng.remote.AbstractRemoteTestNG.run(AbstractRemoteTestNG.java:114)
at org.testng.remote.RemoteTestNG.initAndRun(RemoteTestNG.java:251)
at org.testng.remote.RemoteTestNG.main(RemoteTestNG.java:77)
]]>
            </full-stacktrace>
          </exception> <!-- java.lang.NumberFormatException -->
          <reporter-output>
          </reporter-output>
        </test-method> <!-- callValuesTest -->
        <test-method status="PASS" signature="tearDown()[pri:0, instance:com.nse.test.NSEMainTest@100d6b1]" name="tearDown" is-config="true" duration-ms="630" started-at="2020-01-07T04:53:22Z" finished-at="2020-01-07T04:53:23Z">
          <reporter-output>
          </reporter-output>
        </test-method> <!-- tearDown -->
        <test-method status="PASS" signature="setUp()[pri:0, instance:com.nse.test.NSEMainTest@100d6b1]" name="setUp" is-config="true" duration-ms="9343" started-at="2020-01-07T04:53:23Z" finished-at="2020-01-07T04:53:32Z">
          <reporter-output>
          </reporter-output>
        </test-method> <!-- setUp -->
        <test-method status="PASS" signature="callValuesTest(java.lang.String)[pri:0, instance:com.nse.test.NSEMainTest@100d6b1]" name="callValuesTest" duration-ms="7351" started-at="2020-01-07T04:53:32Z" data-provider="readTestData" finished-at="2020-01-07T04:53:39Z">
          <params>
            <param index="0">
              <value>
                <![CDATA[CENTURYTEX]]>
              </value>
            </param>
          </params>
          <reporter-output>
          </reporter-output>
        </test-method> <!-- callValuesTest -->
        <test-method status="PASS" signature="tearDown()[pri:0, instance:com.nse.test.NSEMainTest@100d6b1]" name="tearDown" is-config="true" duration-ms="620" started-at="2020-01-07T04:53:39Z" finished-at="2020-01-07T04:53:40Z">
          <reporter-output>
          </reporter-output>
        </test-method> <!-- tearDown -->
        <test-method status="PASS" signature="setUp()[pri:0, instance:com.nse.test.NSEMainTest@100d6b1]" name="setUp" is-config="true" duration-ms="9312" started-at="2020-01-07T04:53:40Z" finished-at="2020-01-07T04:53:49Z">
          <reporter-output>
          </reporter-output>
        </test-method> <!-- setUp -->
        <test-method status="FAIL" signature="callValuesTest(java.lang.String)[pri:0, instance:com.nse.test.NSEMainTest@100d6b1]" name="callValuesTest" duration-ms="6980" started-at="2020-01-07T04:53:49Z" data-provider="readTestData" finished-at="2020-01-07T04:53:56Z">
          <params>
            <param index="0">
              <value>
                <![CDATA[CESC]]>
              </value>
            </param>
          </params>
          <exception class="java.lang.NumberFormatException">
            <message>
              <![CDATA[For input string: "-"]]>
            </message>
            <full-stacktrace>
              <![CDATA[java.lang.NumberFormatException: For input string: "-"
at sun.misc.FloatingDecimal.readJavaFormatString(FloatingDecimal.java:2043)
at sun.misc.FloatingDecimal.parseFloat(FloatingDecimal.java:122)
at java.lang.Float.parseFloat(Float.java:451)
at com.nse.pages.NSEMainPage.getCallLTPValue(NSEMainPage.java:117)
at com.nse.test.NSEMainTest.callValuesTest(NSEMainTest.java:64)
at sun.reflect.GeneratedMethodAccessor5.invoke(Unknown Source)
at sun.reflect.DelegatingMethodAccessorImpl.invoke(DelegatingMethodAccessorImpl.java:43)
at java.lang.reflect.Method.invoke(Method.java:498)
at org.testng.internal.MethodInvocationHelper.invokeMethod(MethodInvocationHelper.java:124)
at org.testng.internal.Invoker.invokeMethod(Invoker.java:583)
at org.testng.internal.Invoker.invokeTestMethod(Invoker.java:719)
at org.testng.internal.Invoker.invokeTestMethods(Invoker.java:989)
at org.testng.internal.TestMethodWorker.invokeTestMethods(TestMethodWorker.java:125)
at org.testng.internal.TestMethodWorker.run(TestMethodWorker.java:109)
at org.testng.TestRunner.privateRun(TestRunner.java:648)
at org.testng.TestRunner.run(TestRunner.java:505)
at org.testng.SuiteRunner.runTest(SuiteRunner.java:455)
at org.testng.SuiteRunner.runSequentially(SuiteRunner.java:450)
at org.testng.SuiteRunner.privateRun(SuiteRunner.java:415)
at org.testng.SuiteRunner.run(SuiteRunner.java:364)
at org.testng.SuiteRunnerWorker.runSuite(SuiteRunnerWorker.java:52)
at org.testng.SuiteRunnerWorker.run(SuiteRunnerWorker.java:84)
at org.testng.TestNG.runSuitesSequentially(TestNG.java:1208)
at org.testng.TestNG.runSuitesLocally(TestNG.java:1137)
at org.testng.TestNG.runSuites(TestNG.java:1049)
at org.testng.TestNG.run(TestNG.java:1017)
at org.testng.remote.AbstractRemoteTestNG.run(AbstractRemoteTestNG.java:114)
at org.testng.remote.RemoteTestNG.initAndRun(RemoteTestNG.java:251)
at org.testng.remote.RemoteTestNG.main(RemoteTestNG.java:77)
]]>
            </full-stacktrace>
          </exception> <!-- java.lang.NumberFormatException -->
          <reporter-output>
          </reporter-output>
        </test-method> <!-- callValuesTest -->
        <test-method status="PASS" signature="tearDown()[pri:0, instance:com.nse.test.NSEMainTest@100d6b1]" name="tearDown" is-config="true" duration-ms="622" started-at="2020-01-07T04:53:56Z" finished-at="2020-01-07T04:53:57Z">
          <reporter-output>
          </reporter-output>
        </test-method> <!-- tearDown -->
        <test-method status="PASS" signature="setUp()[pri:0, instance:com.nse.test.NSEMainTest@100d6b1]" name="setUp" is-config="true" duration-ms="9326" started-at="2020-01-07T04:53:57Z" finished-at="2020-01-07T04:54:06Z">
          <reporter-output>
          </reporter-output>
        </test-method> <!-- setUp -->
        <test-method status="FAIL" signature="callValuesTest(java.lang.String)[pri:0, instance:com.nse.test.NSEMainTest@100d6b1]" name="callValuesTest" duration-ms="8099" started-at="2020-01-07T04:54:06Z" data-provider="readTestData" finished-at="2020-01-07T04:54:14Z">
          <params>
            <param index="0">
              <value>
                <![CDATA[CHOLAFIN]]>
              </value>
            </param>
          </params>
          <exception class="java.lang.NumberFormatException">
            <message>
              <![CDATA[For input string: "-"]]>
            </message>
            <full-stacktrace>
              <![CDATA[java.lang.NumberFormatException: For input string: "-"
at sun.misc.FloatingDecimal.readJavaFormatString(FloatingDecimal.java:2043)
at sun.misc.FloatingDecimal.parseFloat(FloatingDecimal.java:122)
at java.lang.Float.parseFloat(Float.java:451)
at com.nse.pages.NSEMainPage.getCallLTPValue(NSEMainPage.java:117)
at com.nse.test.NSEMainTest.callValuesTest(NSEMainTest.java:64)
at sun.reflect.GeneratedMethodAccessor5.invoke(Unknown Source)
at sun.reflect.DelegatingMethodAccessorImpl.invoke(DelegatingMethodAccessorImpl.java:43)
at java.lang.reflect.Method.invoke(Method.java:498)
at org.testng.internal.MethodInvocationHelper.invokeMethod(MethodInvocationHelper.java:124)
at org.testng.internal.Invoker.invokeMethod(Invoker.java:583)
at org.testng.internal.Invoker.invokeTestMethod(Invoker.java:719)
at org.testng.internal.Invoker.invokeTestMethods(Invoker.java:989)
at org.testng.internal.TestMethodWorker.invokeTestMethods(TestMethodWorker.java:125)
at org.testng.internal.TestMethodWorker.run(TestMethodWorker.java:109)
at org.testng.TestRunner.privateRun(TestRunner.java:648)
at org.testng.TestRunner.run(TestRunner.java:505)
at org.testng.SuiteRunner.runTest(SuiteRunner.java:455)
at org.testng.SuiteRunner.runSequentially(SuiteRunner.java:450)
at org.testng.SuiteRunner.privateRun(SuiteRunner.java:415)
at org.testng.SuiteRunner.run(SuiteRunner.java:364)
at org.testng.SuiteRunnerWorker.runSuite(SuiteRunnerWorker.java:52)
at org.testng.SuiteRunnerWorker.run(SuiteRunnerWorker.java:84)
at org.testng.TestNG.runSuitesSequentially(TestNG.java:1208)
at org.testng.TestNG.runSuitesLocally(TestNG.java:1137)
at org.testng.TestNG.runSuites(TestNG.java:1049)
at org.testng.TestNG.run(TestNG.java:1017)
at org.testng.remote.AbstractRemoteTestNG.run(AbstractRemoteTestNG.java:114)
at org.testng.remote.RemoteTestNG.initAndRun(RemoteTestNG.java:251)
at org.testng.remote.RemoteTestNG.main(RemoteTestNG.java:77)
]]>
            </full-stacktrace>
          </exception> <!-- java.lang.NumberFormatException -->
          <reporter-output>
          </reporter-output>
        </test-method> <!-- callValuesTest -->
        <test-method status="PASS" signature="tearDown()[pri:0, instance:com.nse.test.NSEMainTest@100d6b1]" name="tearDown" is-config="true" duration-ms="622" started-at="2020-01-07T04:54:14Z" finished-at="2020-01-07T04:54:15Z">
          <reporter-output>
          </reporter-output>
        </test-method> <!-- tearDown -->
        <test-method status="PASS" signature="setUp()[pri:0, instance:com.nse.test.NSEMainTest@100d6b1]" name="setUp" is-config="true" duration-ms="9386" started-at="2020-01-07T04:54:15Z" finished-at="2020-01-07T04:54:24Z">
          <reporter-output>
          </reporter-output>
        </test-method> <!-- setUp -->
        <test-method status="PASS" signature="callValuesTest(java.lang.String)[pri:0, instance:com.nse.test.NSEMainTest@100d6b1]" name="callValuesTest" duration-ms="5602" started-at="2020-01-07T04:54:24Z" data-provider="readTestData" finished-at="2020-01-07T04:54:30Z">
          <params>
            <param index="0">
              <value>
                <![CDATA[CIPLA]]>
              </value>
            </param>
          </params>
          <reporter-output>
          </reporter-output>
        </test-method> <!-- callValuesTest -->
        <test-method status="PASS" signature="tearDown()[pri:0, instance:com.nse.test.NSEMainTest@100d6b1]" name="tearDown" is-config="true" duration-ms="646" started-at="2020-01-07T04:54:30Z" finished-at="2020-01-07T04:54:31Z">
          <reporter-output>
          </reporter-output>
        </test-method> <!-- tearDown -->
        <test-method status="PASS" signature="setUp()[pri:0, instance:com.nse.test.NSEMainTest@100d6b1]" name="setUp" is-config="true" duration-ms="9281" started-at="2020-01-07T04:54:31Z" finished-at="2020-01-07T04:54:40Z">
          <reporter-output>
          </reporter-output>
        </test-method> <!-- setUp -->
        <test-method status="PASS" signature="callValuesTest(java.lang.String)[pri:0, instance:com.nse.test.NSEMainTest@100d6b1]" name="callValuesTest" duration-ms="7737" started-at="2020-01-07T04:54:40Z" data-provider="readTestData" finished-at="2020-01-07T04:54:48Z">
          <params>
            <param index="0">
              <value>
                <![CDATA[COALINDIA]]>
              </value>
            </param>
          </params>
          <reporter-output>
          </reporter-output>
        </test-method> <!-- callValuesTest -->
        <test-method status="PASS" signature="tearDown()[pri:0, instance:com.nse.test.NSEMainTest@100d6b1]" name="tearDown" is-config="true" duration-ms="613" started-at="2020-01-07T04:54:48Z" finished-at="2020-01-07T04:54:48Z">
          <reporter-output>
          </reporter-output>
        </test-method> <!-- tearDown -->
        <test-method status="PASS" signature="setUp()[pri:0, instance:com.nse.test.NSEMainTest@100d6b1]" name="setUp" is-config="true" duration-ms="9311" started-at="2020-01-07T04:54:48Z" finished-at="2020-01-07T04:54:57Z">
          <reporter-output>
          </reporter-output>
        </test-method> <!-- setUp -->
        <test-method status="FAIL" signature="callValuesTest(java.lang.String)[pri:0, instance:com.nse.test.NSEMainTest@100d6b1]" name="callValuesTest" duration-ms="8446" started-at="2020-01-07T04:54:57Z" data-provider="readTestData" finished-at="2020-01-07T04:55:06Z">
          <params>
            <param index="0">
              <value>
                <![CDATA[COLPAL]]>
              </value>
            </param>
          </params>
          <exception class="java.lang.NumberFormatException">
            <message>
              <![CDATA[For input string: "-"]]>
            </message>
            <full-stacktrace>
              <![CDATA[java.lang.NumberFormatException: For input string: "-"
at sun.misc.FloatingDecimal.readJavaFormatString(FloatingDecimal.java:2043)
at sun.misc.FloatingDecimal.parseFloat(FloatingDecimal.java:122)
at java.lang.Float.parseFloat(Float.java:451)
at com.nse.pages.NSEMainPage.getPutLTPValue(NSEMainPage.java:125)
at com.nse.test.NSEMainTest.callValuesTest(NSEMainTest.java:65)
at sun.reflect.GeneratedMethodAccessor5.invoke(Unknown Source)
at sun.reflect.DelegatingMethodAccessorImpl.invoke(DelegatingMethodAccessorImpl.java:43)
at java.lang.reflect.Method.invoke(Method.java:498)
at org.testng.internal.MethodInvocationHelper.invokeMethod(MethodInvocationHelper.java:124)
at org.testng.internal.Invoker.invokeMethod(Invoker.java:583)
at org.testng.internal.Invoker.invokeTestMethod(Invoker.java:719)
at org.testng.internal.Invoker.invokeTestMethods(Invoker.java:989)
at org.testng.internal.TestMethodWorker.invokeTestMethods(TestMethodWorker.java:125)
at org.testng.internal.TestMethodWorker.run(TestMethodWorker.java:109)
at org.testng.TestRunner.privateRun(TestRunner.java:648)
at org.testng.TestRunner.run(TestRunner.java:505)
at org.testng.SuiteRunner.runTest(SuiteRunner.java:455)
at org.testng.SuiteRunner.runSequentially(SuiteRunner.java:450)
at org.testng.SuiteRunner.privateRun(SuiteRunner.java:415)
at org.testng.SuiteRunner.run(SuiteRunner.java:364)
at org.testng.SuiteRunnerWorker.runSuite(SuiteRunnerWorker.java:52)
at org.testng.SuiteRunnerWorker.run(SuiteRunnerWorker.java:84)
at org.testng.TestNG.runSuitesSequentially(TestNG.java:1208)
at org.testng.TestNG.runSuitesLocally(TestNG.java:1137)
at org.testng.TestNG.runSuites(TestNG.java:1049)
at org.testng.TestNG.run(TestNG.java:1017)
at org.testng.remote.AbstractRemoteTestNG.run(AbstractRemoteTestNG.java:114)
at org.testng.remote.RemoteTestNG.initAndRun(RemoteTestNG.java:251)
at org.testng.remote.RemoteTestNG.main(RemoteTestNG.java:77)
]]>
            </full-stacktrace>
          </exception> <!-- java.lang.NumberFormatException -->
          <reporter-output>
          </reporter-output>
        </test-method> <!-- callValuesTest -->
        <test-method status="PASS" signature="tearDown()[pri:0, instance:com.nse.test.NSEMainTest@100d6b1]" name="tearDown" is-config="true" duration-ms="630" started-at="2020-01-07T04:55:06Z" finished-at="2020-01-07T04:55:07Z">
          <reporter-output>
          </reporter-output>
        </test-method> <!-- tearDown -->
        <test-method status="PASS" signature="setUp()[pri:0, instance:com.nse.test.NSEMainTest@100d6b1]" name="setUp" is-config="true" duration-ms="9373" started-at="2020-01-07T04:55:07Z" finished-at="2020-01-07T04:55:16Z">
          <reporter-output>
          </reporter-output>
        </test-method> <!-- setUp -->
        <test-method status="FAIL" signature="callValuesTest(java.lang.String)[pri:0, instance:com.nse.test.NSEMainTest@100d6b1]" name="callValuesTest" duration-ms="4860" started-at="2020-01-07T04:55:16Z" data-provider="readTestData" finished-at="2020-01-07T04:55:21Z">
          <params>
            <param index="0">
              <value>
                <![CDATA[CONCOR]]>
              </value>
            </param>
          </params>
          <exception class="java.lang.NumberFormatException">
            <message>
              <![CDATA[For input string: "-"]]>
            </message>
            <full-stacktrace>
              <![CDATA[java.lang.NumberFormatException: For input string: "-"
at sun.misc.FloatingDecimal.readJavaFormatString(FloatingDecimal.java:2043)
at sun.misc.FloatingDecimal.parseFloat(FloatingDecimal.java:122)
at java.lang.Float.parseFloat(Float.java:451)
at com.nse.pages.NSEMainPage.getCallLTPValue(NSEMainPage.java:117)
at com.nse.test.NSEMainTest.callValuesTest(NSEMainTest.java:64)
at sun.reflect.GeneratedMethodAccessor5.invoke(Unknown Source)
at sun.reflect.DelegatingMethodAccessorImpl.invoke(DelegatingMethodAccessorImpl.java:43)
at java.lang.reflect.Method.invoke(Method.java:498)
at org.testng.internal.MethodInvocationHelper.invokeMethod(MethodInvocationHelper.java:124)
at org.testng.internal.Invoker.invokeMethod(Invoker.java:583)
at org.testng.internal.Invoker.invokeTestMethod(Invoker.java:719)
at org.testng.internal.Invoker.invokeTestMethods(Invoker.java:989)
at org.testng.internal.TestMethodWorker.invokeTestMethods(TestMethodWorker.java:125)
at org.testng.internal.TestMethodWorker.run(TestMethodWorker.java:109)
at org.testng.TestRunner.privateRun(TestRunner.java:648)
at org.testng.TestRunner.run(TestRunner.java:505)
at org.testng.SuiteRunner.runTest(SuiteRunner.java:455)
at org.testng.SuiteRunner.runSequentially(SuiteRunner.java:450)
at org.testng.SuiteRunner.privateRun(SuiteRunner.java:415)
at org.testng.SuiteRunner.run(SuiteRunner.java:364)
at org.testng.SuiteRunnerWorker.runSuite(SuiteRunnerWorker.java:52)
at org.testng.SuiteRunnerWorker.run(SuiteRunnerWorker.java:84)
at org.testng.TestNG.runSuitesSequentially(TestNG.java:1208)
at org.testng.TestNG.runSuitesLocally(TestNG.java:1137)
at org.testng.TestNG.runSuites(TestNG.java:1049)
at org.testng.TestNG.run(TestNG.java:1017)
at org.testng.remote.AbstractRemoteTestNG.run(AbstractRemoteTestNG.java:114)
at org.testng.remote.RemoteTestNG.initAndRun(RemoteTestNG.java:251)
at org.testng.remote.RemoteTestNG.main(RemoteTestNG.java:77)
]]>
            </full-stacktrace>
          </exception> <!-- java.lang.NumberFormatException -->
          <reporter-output>
          </reporter-output>
        </test-method> <!-- callValuesTest -->
        <test-method status="PASS" signature="tearDown()[pri:0, instance:com.nse.test.NSEMainTest@100d6b1]" name="tearDown" is-config="true" duration-ms="624" started-at="2020-01-07T04:55:21Z" finished-at="2020-01-07T04:55:21Z">
          <reporter-output>
          </reporter-output>
        </test-method> <!-- tearDown -->
        <test-method status="PASS" signature="setUp()[pri:0, instance:com.nse.test.NSEMainTest@100d6b1]" name="setUp" is-config="true" duration-ms="9380" started-at="2020-01-07T04:55:21Z" finished-at="2020-01-07T04:55:31Z">
          <reporter-output>
          </reporter-output>
        </test-method> <!-- setUp -->
        <test-method status="FAIL" signature="callValuesTest(java.lang.String)[pri:0, instance:com.nse.test.NSEMainTest@100d6b1]" name="callValuesTest" duration-ms="9595" started-at="2020-01-07T04:55:31Z" data-provider="readTestData" finished-at="2020-01-07T04:55:40Z">
          <params>
            <param index="0">
              <value>
                <![CDATA[CUMMINSIND]]>
              </value>
            </param>
          </params>
          <exception class="java.lang.NumberFormatException">
            <message>
              <![CDATA[For input string: "-"]]>
            </message>
            <full-stacktrace>
              <![CDATA[java.lang.NumberFormatException: For input string: "-"
at sun.misc.FloatingDecimal.readJavaFormatString(FloatingDecimal.java:2043)
at sun.misc.FloatingDecimal.parseFloat(FloatingDecimal.java:122)
at java.lang.Float.parseFloat(Float.java:451)
at com.nse.pages.NSEMainPage.getPutLTPValue(NSEMainPage.java:125)
at com.nse.test.NSEMainTest.callValuesTest(NSEMainTest.java:65)
at sun.reflect.GeneratedMethodAccessor5.invoke(Unknown Source)
at sun.reflect.DelegatingMethodAccessorImpl.invoke(DelegatingMethodAccessorImpl.java:43)
at java.lang.reflect.Method.invoke(Method.java:498)
at org.testng.internal.MethodInvocationHelper.invokeMethod(MethodInvocationHelper.java:124)
at org.testng.internal.Invoker.invokeMethod(Invoker.java:583)
at org.testng.internal.Invoker.invokeTestMethod(Invoker.java:719)
at org.testng.internal.Invoker.invokeTestMethods(Invoker.java:989)
at org.testng.internal.TestMethodWorker.invokeTestMethods(TestMethodWorker.java:125)
at org.testng.internal.TestMethodWorker.run(TestMethodWorker.java:109)
at org.testng.TestRunner.privateRun(TestRunner.java:648)
at org.testng.TestRunner.run(TestRunner.java:505)
at org.testng.SuiteRunner.runTest(SuiteRunner.java:455)
at org.testng.SuiteRunner.runSequentially(SuiteRunner.java:450)
at org.testng.SuiteRunner.privateRun(SuiteRunner.java:415)
at org.testng.SuiteRunner.run(SuiteRunner.java:364)
at org.testng.SuiteRunnerWorker.runSuite(SuiteRunnerWorker.java:52)
at org.testng.SuiteRunnerWorker.run(SuiteRunnerWorker.java:84)
at org.testng.TestNG.runSuitesSequentially(TestNG.java:1208)
at org.testng.TestNG.runSuitesLocally(TestNG.java:1137)
at org.testng.TestNG.runSuites(TestNG.java:1049)
at org.testng.TestNG.run(TestNG.java:1017)
at org.testng.remote.AbstractRemoteTestNG.run(AbstractRemoteTestNG.java:114)
at org.testng.remote.RemoteTestNG.initAndRun(RemoteTestNG.java:251)
at org.testng.remote.RemoteTestNG.main(RemoteTestNG.java:77)
]]>
            </full-stacktrace>
          </exception> <!-- java.lang.NumberFormatException -->
          <reporter-output>
          </reporter-output>
        </test-method> <!-- callValuesTest -->
        <test-method status="PASS" signature="tearDown()[pri:0, instance:com.nse.test.NSEMainTest@100d6b1]" name="tearDown" is-config="true" duration-ms="642" started-at="2020-01-07T04:55:40Z" finished-at="2020-01-07T04:55:41Z">
          <reporter-output>
          </reporter-output>
        </test-method> <!-- tearDown -->
        <test-method status="PASS" signature="setUp()[pri:0, instance:com.nse.test.NSEMainTest@100d6b1]" name="setUp" is-config="true" duration-ms="9343" started-at="2020-01-07T04:55:41Z" finished-at="2020-01-07T04:55:50Z">
          <reporter-output>
          </reporter-output>
        </test-method> <!-- setUp -->
        <test-method status="PASS" signature="callValuesTest(java.lang.String)[pri:0, instance:com.nse.test.NSEMainTest@100d6b1]" name="callValuesTest" duration-ms="9155" started-at="2020-01-07T04:55:50Z" data-provider="readTestData" finished-at="2020-01-07T04:56:00Z">
          <params>
            <param index="0">
              <value>
                <![CDATA[DABUR]]>
              </value>
            </param>
          </params>
          <reporter-output>
          </reporter-output>
        </test-method> <!-- callValuesTest -->
        <test-method status="PASS" signature="tearDown()[pri:0, instance:com.nse.test.NSEMainTest@100d6b1]" name="tearDown" is-config="true" duration-ms="629" started-at="2020-01-07T04:56:00Z" finished-at="2020-01-07T04:56:00Z">
          <reporter-output>
          </reporter-output>
        </test-method> <!-- tearDown -->
        <test-method status="PASS" signature="setUp()[pri:0, instance:com.nse.test.NSEMainTest@100d6b1]" name="setUp" is-config="true" duration-ms="9243" started-at="2020-01-07T04:56:00Z" finished-at="2020-01-07T04:56:09Z">
          <reporter-output>
          </reporter-output>
        </test-method> <!-- setUp -->
        <test-method status="FAIL" signature="callValuesTest(java.lang.String)[pri:0, instance:com.nse.test.NSEMainTest@100d6b1]" name="callValuesTest" duration-ms="7586" started-at="2020-01-07T04:56:09Z" data-provider="readTestData" finished-at="2020-01-07T04:56:17Z">
          <params>
            <param index="0">
              <value>
                <![CDATA[DISHTV]]>
              </value>
            </param>
          </params>
          <exception class="java.lang.NumberFormatException">
            <message>
              <![CDATA[For input string: "-"]]>
            </message>
            <full-stacktrace>
              <![CDATA[java.lang.NumberFormatException: For input string: "-"
at sun.misc.FloatingDecimal.readJavaFormatString(FloatingDecimal.java:2043)
at sun.misc.FloatingDecimal.parseFloat(FloatingDecimal.java:122)
at java.lang.Float.parseFloat(Float.java:451)
at com.nse.pages.NSEMainPage.getCallLTPValue(NSEMainPage.java:117)
at com.nse.test.NSEMainTest.callValuesTest(NSEMainTest.java:64)
at sun.reflect.GeneratedMethodAccessor5.invoke(Unknown Source)
at sun.reflect.DelegatingMethodAccessorImpl.invoke(DelegatingMethodAccessorImpl.java:43)
at java.lang.reflect.Method.invoke(Method.java:498)
at org.testng.internal.MethodInvocationHelper.invokeMethod(MethodInvocationHelper.java:124)
at org.testng.internal.Invoker.invokeMethod(Invoker.java:583)
at org.testng.internal.Invoker.invokeTestMethod(Invoker.java:719)
at org.testng.internal.Invoker.invokeTestMethods(Invoker.java:989)
at org.testng.internal.TestMethodWorker.invokeTestMethods(TestMethodWorker.java:125)
at org.testng.internal.TestMethodWorker.run(TestMethodWorker.java:109)
at org.testng.TestRunner.privateRun(TestRunner.java:648)
at org.testng.TestRunner.run(TestRunner.java:505)
at org.testng.SuiteRunner.runTest(SuiteRunner.java:455)
at org.testng.SuiteRunner.runSequentially(SuiteRunner.java:450)
at org.testng.SuiteRunner.privateRun(SuiteRunner.java:415)
at org.testng.SuiteRunner.run(SuiteRunner.java:364)
at org.testng.SuiteRunnerWorker.runSuite(SuiteRunnerWorker.java:52)
at org.testng.SuiteRunnerWorker.run(SuiteRunnerWorker.java:84)
at org.testng.TestNG.runSuitesSequentially(TestNG.java:1208)
at org.testng.TestNG.runSuitesLocally(TestNG.java:1137)
at org.testng.TestNG.runSuites(TestNG.java:1049)
at org.testng.TestNG.run(TestNG.java:1017)
at org.testng.remote.AbstractRemoteTestNG.run(AbstractRemoteTestNG.java:114)
at org.testng.remote.RemoteTestNG.initAndRun(RemoteTestNG.java:251)
at org.testng.remote.RemoteTestNG.main(RemoteTestNG.java:77)
]]>
            </full-stacktrace>
          </exception> <!-- java.lang.NumberFormatException -->
          <reporter-output>
          </reporter-output>
        </test-method> <!-- callValuesTest -->
        <test-method status="PASS" signature="tearDown()[pri:0, instance:com.nse.test.NSEMainTest@100d6b1]" name="tearDown" is-config="true" duration-ms="608" started-at="2020-01-07T04:56:17Z" finished-at="2020-01-07T04:56:18Z">
          <reporter-output>
          </reporter-output>
        </test-method> <!-- tearDown -->
        <test-method status="PASS" signature="setUp()[pri:0, instance:com.nse.test.NSEMainTest@100d6b1]" name="setUp" is-config="true" duration-ms="9331" started-at="2020-01-07T04:56:18Z" finished-at="2020-01-07T04:56:27Z">
          <reporter-output>
          </reporter-output>
        </test-method> <!-- setUp -->
        <test-method status="PASS" signature="callValuesTest(java.lang.String)[pri:0, instance:com.nse.test.NSEMainTest@100d6b1]" name="callValuesTest" duration-ms="6060" started-at="2020-01-07T04:56:27Z" data-provider="readTestData" finished-at="2020-01-07T04:56:33Z">
          <params>
            <param index="0">
              <value>
                <![CDATA[DIVISLAB]]>
              </value>
            </param>
          </params>
          <reporter-output>
          </reporter-output>
        </test-method> <!-- callValuesTest -->
        <test-method status="PASS" signature="tearDown()[pri:0, instance:com.nse.test.NSEMainTest@100d6b1]" name="tearDown" is-config="true" duration-ms="669" started-at="2020-01-07T04:56:33Z" finished-at="2020-01-07T04:56:34Z">
          <reporter-output>
          </reporter-output>
        </test-method> <!-- tearDown -->
        <test-method status="PASS" signature="setUp()[pri:0, instance:com.nse.test.NSEMainTest@100d6b1]" name="setUp" is-config="true" duration-ms="9200" started-at="2020-01-07T04:56:34Z" finished-at="2020-01-07T04:56:43Z">
          <reporter-output>
          </reporter-output>
        </test-method> <!-- setUp -->
        <test-method status="PASS" signature="callValuesTest(java.lang.String)[pri:0, instance:com.nse.test.NSEMainTest@100d6b1]" name="callValuesTest" duration-ms="8807" started-at="2020-01-07T04:56:43Z" data-provider="readTestData" finished-at="2020-01-07T04:56:52Z">
          <params>
            <param index="0">
              <value>
                <![CDATA[DLF]]>
              </value>
            </param>
          </params>
          <reporter-output>
          </reporter-output>
        </test-method> <!-- callValuesTest -->
        <test-method status="PASS" signature="tearDown()[pri:0, instance:com.nse.test.NSEMainTest@100d6b1]" name="tearDown" is-config="true" duration-ms="643" started-at="2020-01-07T04:56:52Z" finished-at="2020-01-07T04:56:52Z">
          <reporter-output>
          </reporter-output>
        </test-method> <!-- tearDown -->
        <test-method status="PASS" signature="setUp()[pri:0, instance:com.nse.test.NSEMainTest@100d6b1]" name="setUp" is-config="true" duration-ms="9210" started-at="2020-01-07T04:56:52Z" finished-at="2020-01-07T04:57:02Z">
          <reporter-output>
          </reporter-output>
        </test-method> <!-- setUp -->
        <test-method status="PASS" signature="callValuesTest(java.lang.String)[pri:0, instance:com.nse.test.NSEMainTest@100d6b1]" name="callValuesTest" duration-ms="8141" started-at="2020-01-07T04:57:02Z" data-provider="readTestData" finished-at="2020-01-07T04:57:10Z">
          <params>
            <param index="0">
              <value>
                <![CDATA[DRREDDY]]>
              </value>
            </param>
          </params>
          <reporter-output>
          </reporter-output>
        </test-method> <!-- callValuesTest -->
        <test-method status="PASS" signature="tearDown()[pri:0, instance:com.nse.test.NSEMainTest@100d6b1]" name="tearDown" is-config="true" duration-ms="640" started-at="2020-01-07T04:57:10Z" finished-at="2020-01-07T04:57:10Z">
          <reporter-output>
          </reporter-output>
        </test-method> <!-- tearDown -->
        <test-method status="PASS" signature="setUp()[pri:0, instance:com.nse.test.NSEMainTest@100d6b1]" name="setUp" is-config="true" duration-ms="9251" started-at="2020-01-07T04:57:10Z" finished-at="2020-01-07T04:57:20Z">
          <reporter-output>
          </reporter-output>
        </test-method> <!-- setUp -->
        <test-method status="PASS" signature="callValuesTest(java.lang.String)[pri:0, instance:com.nse.test.NSEMainTest@100d6b1]" name="callValuesTest" duration-ms="5300" started-at="2020-01-07T04:57:20Z" data-provider="readTestData" finished-at="2020-01-07T04:57:25Z">
          <params>
            <param index="0">
              <value>
                <![CDATA[EICHERMOT]]>
              </value>
            </param>
          </params>
          <reporter-output>
          </reporter-output>
        </test-method> <!-- callValuesTest -->
        <test-method status="PASS" signature="tearDown()[pri:0, instance:com.nse.test.NSEMainTest@100d6b1]" name="tearDown" is-config="true" duration-ms="662" started-at="2020-01-07T04:57:25Z" finished-at="2020-01-07T04:57:26Z">
          <reporter-output>
          </reporter-output>
        </test-method> <!-- tearDown -->
        <test-method status="PASS" signature="setUp()[pri:0, instance:com.nse.test.NSEMainTest@100d6b1]" name="setUp" is-config="true" duration-ms="9169" started-at="2020-01-07T04:57:26Z" finished-at="2020-01-07T04:57:35Z">
          <reporter-output>
          </reporter-output>
        </test-method> <!-- setUp -->
        <test-method status="PASS" signature="callValuesTest(java.lang.String)[pri:0, instance:com.nse.test.NSEMainTest@100d6b1]" name="callValuesTest" duration-ms="8751" started-at="2020-01-07T04:57:35Z" data-provider="readTestData" finished-at="2020-01-07T04:57:43Z">
          <params>
            <param index="0">
              <value>
                <![CDATA[EQUITAS]]>
              </value>
            </param>
          </params>
          <reporter-output>
          </reporter-output>
        </test-method> <!-- callValuesTest -->
        <test-method status="PASS" signature="tearDown()[pri:0, instance:com.nse.test.NSEMainTest@100d6b1]" name="tearDown" is-config="true" duration-ms="664" started-at="2020-01-07T04:57:43Z" finished-at="2020-01-07T04:57:44Z">
          <reporter-output>
          </reporter-output>
        </test-method> <!-- tearDown -->
[...]
          <reporter-output>
          </reporter-output>
        </test-method> <!-- setUp -->
        <test-method status="PASS" signature="callValuesTest(java.lang.String)[pri:0, instance:com.nse.test.NSEMainTest@100d6b1]" name="callValuesTest" duration-ms="8534" started-at="2020-01-07T05:24:45Z" data-provider="readTestData" finished-at="2020-01-07T05:24:54Z">
          <params>
            <param index="0">
              <value>
                <![CDATA[TITAN]]>
              </value>
            </param>
          </params>
          <reporter-output>
          </reporter-output>
        </test-method> <!-- callValuesTest -->
        <test-method status="PASS" signature="tearDown()[pri:0, instance:com.nse.test.NSEMainTest@100d6b1]" name="tearDown" is-config="true" duration-ms="652" started-at="2020-01-07T05:24:54Z" finished-at="2020-01-07T05:24:54Z">
          <reporter-output>
          </reporter-output>
        </test-method> <!-- tearDown -->
        <test-method status="PASS" signature="setUp()[pri:0, instance:com.nse.test.NSEMainTest@100d6b1]" name="setUp" is-config="true" duration-ms="9263" started-at="2020-01-07T05:24:54Z" finished-at="2020-01-07T05:25:04Z">
          <reporter-output>
          </reporter-output>
        </test-method> <!-- setUp -->
        <test-method status="FAIL" signature="callValuesTest(java.lang.String)[pri:0, instance:com.nse.test.NSEMainTest@100d6b1]" name="callValuesTest" duration-ms="7700" started-at="2020-01-07T05:25:04Z" data-provider="readTestData" finished-at="2020-01-07T05:25:11Z">
          <params>
            <param index="0">
              <value>
                <![CDATA[TORNTPHARM]]>
              </value>
            </param>
          </params>
          <exception class="java.lang.NumberFormatException">
            <message>
              <![CDATA[For input string: "-"]]>
            </message>
            <full-stacktrace>
              <![CDATA[java.lang.NumberFormatException: For input string: "-"
at sun.misc.FloatingDecimal.readJavaFormatString(FloatingDecimal.java:2043)
at sun.misc.FloatingDecimal.parseFloat(FloatingDecimal.java:122)
at java.lang.Float.parseFloat(Float.java:451)
at com.nse.pages.NSEMainPage.getCallLTPValue(NSEMainPage.java:117)
at com.nse.test.NSEMainTest.callValuesTest(NSEMainTest.java:64)
at sun.reflect.GeneratedMethodAccessor5.invoke(Unknown Source)
at sun.reflect.DelegatingMethodAccessorImpl.invoke(DelegatingMethodAccessorImpl.java:43)
at java.lang.reflect.Method.invoke(Method.java:498)
at org.testng.internal.MethodInvocationHelper.invokeMethod(MethodInvocationHelper.java:124)
at org.testng.internal.Invoker.invokeMethod(Invoker.java:583)
at org.testng.internal.Invoker.invokeTestMethod(Invoker.java:719)
at org.testng.internal.Invoker.invokeTestMethods(Invoker.java:989)
at org.testng.internal.TestMethodWorker.invokeTestMethods(TestMethodWorker.java:125)
at org.testng.internal.TestMethodWorker.run(TestMethodWorker.java:109)
at org.testng.TestRunner.privateRun(TestRunner.java:648)
at org.testng.TestRunner.run(TestRunner.java:505)
at org.testng.SuiteRunner.runTest(SuiteRunner.java:455)
at org.testng.SuiteRunner.runSequentially(SuiteRunner.java:450)
at org.testng.SuiteRunner.privateRun(SuiteRunner.java:415)
at org.testng.SuiteRunner.run(SuiteRunner.java:364)
at org.testng.SuiteRunnerWorker.runSuite(SuiteRunnerWorker.java:52)
at org.testng.SuiteRunnerWorker.run(SuiteRunnerWorker.java:84)
at org.testng.TestNG.runSuitesSequentially(TestNG.java:1208)
at org.testng.TestNG.runSuitesLocally(TestNG.java:1137)
at org.testng.TestNG.runSuites(TestNG.java:1049)
at org.testng.TestNG.run(TestNG.java:1017)
at org.testng.remote.AbstractRemoteTestNG.run(AbstractRemoteTestNG.java:114)
at org.testng.remote.RemoteTestNG.initAndRun(RemoteTestNG.java:251)
at org.testng.remote.RemoteTestNG.main(RemoteTestNG.java:77)
]]>
            </full-stacktrace>
          </exception> <!-- java.lang.NumberFormatException -->
          <reporter-output>
          </reporter-output>
        </test-method> <!-- callValuesTest -->
        <test-method status="PASS" signature="tearDown()[pri:0, instance:com.nse.test.NSEMainTest@100d6b1]" name="tearDown" is-config="true" duration-ms="654" started-at="2020-01-07T05:25:11Z" finished-at="2020-01-07T05:25:12Z">
          <reporter-output>
          </reporter-output>
        </test-method> <!-- tearDown -->
        <test-method status="PASS" signature="setUp()[pri:0, instance:com.nse.test.NSEMainTest@100d6b1]" name="setUp" is-config="true" duration-ms="9300" started-at="2020-01-07T05:25:12Z" finished-at="2020-01-07T05:25:21Z">
          <reporter-output>
          </reporter-output>
        </test-method> <!-- setUp -->
        <test-method status="FAIL" signature="callValuesTest(java.lang.String)[pri:0, instance:com.nse.test.NSEMainTest@100d6b1]" name="callValuesTest" duration-ms="8820" started-at="2020-01-07T05:25:21Z" data-provider="readTestData" finished-at="2020-01-07T05:25:30Z">
          <params>
            <param index="0">
              <value>
                <![CDATA[TORNTPOWER]]>
              </value>
            </param>
          </params>
          <exception class="java.lang.NumberFormatException">
            <message>
              <![CDATA[For input string: "-"]]>
            </message>
            <full-stacktrace>
              <![CDATA[java.lang.NumberFormatException: For input string: "-"
at sun.misc.FloatingDecimal.readJavaFormatString(FloatingDecimal.java:2043)
at sun.misc.FloatingDecimal.parseFloat(FloatingDecimal.java:122)
at java.lang.Float.parseFloat(Float.java:451)
at com.nse.pages.NSEMainPage.getPutLTPValue(NSEMainPage.java:125)
at com.nse.test.NSEMainTest.callValuesTest(NSEMainTest.java:65)
at sun.reflect.GeneratedMethodAccessor5.invoke(Unknown Source)
at sun.reflect.DelegatingMethodAccessorImpl.invoke(DelegatingMethodAccessorImpl.java:43)
at java.lang.reflect.Method.invoke(Method.java:498)
at org.testng.internal.MethodInvocationHelper.invokeMethod(MethodInvocationHelper.java:124)
at org.testng.internal.Invoker.invokeMethod(Invoker.java:583)
at org.testng.internal.Invoker.invokeTestMethod(Invoker.java:719)
at org.testng.internal.Invoker.invokeTestMethods(Invoker.java:989)
at org.testng.internal.TestMethodWorker.invokeTestMethods(TestMethodWorker.java:125)
at org.testng.internal.TestMethodWorker.run(TestMethodWorker.java:109)
at org.testng.TestRunner.privateRun(TestRunner.java:648)
at org.testng.TestRunner.run(TestRunner.java:505)
at org.testng.SuiteRunner.runTest(SuiteRunner.java:455)
at org.testng.SuiteRunner.runSequentially(SuiteRunner.java:450)
at org.testng.SuiteRunner.privateRun(SuiteRunner.java:415)
at org.testng.SuiteRunner.run(SuiteRunner.java:364)
at org.testng.SuiteRunnerWorker.runSuite(SuiteRunnerWorker.java:52)
at org.testng.SuiteRunnerWorker.run(SuiteRunnerWorker.java:84)
at org.testng.TestNG.runSuitesSequentially(TestNG.java:1208)
at org.testng.TestNG.runSuitesLocally(TestNG.java:1137)
at org.testng.TestNG.runSuites(TestNG.java:1049)
at org.testng.TestNG.run(TestNG.java:1017)
at org.testng.remote.AbstractRemoteTestNG.run(AbstractRemoteTestNG.java:114)
at org.testng.remote.RemoteTestNG.initAndRun(RemoteTestNG.java:251)
at org.testng.remote.RemoteTestNG.main(RemoteTestNG.java:77)
]]>
            </full-stacktrace>
          </exception> <!-- java.lang.NumberFormatException -->
          <reporter-output>
          </reporter-output>
        </test-method> <!-- callValuesTest -->
        <test-method status="PASS" signature="tearDown()[pri:0, instance:com.nse.test.NSEMainTest@100d6b1]" name="tearDown" is-config="true" duration-ms="672" started-at="2020-01-07T05:25:30Z" finished-at="2020-01-07T05:25:31Z">
          <reporter-output>
          </reporter-output>
        </test-method> <!-- tearDown -->
        <test-method status="PASS" signature="setUp()[pri:0, instance:com.nse.test.NSEMainTest@100d6b1]" name="setUp" is-config="true" duration-ms="9358" started-at="2020-01-07T05:25:31Z" finished-at="2020-01-07T05:25:40Z">
          <reporter-output>
          </reporter-output>
        </test-method> <!-- setUp -->
        <test-method status="PASS" signature="callValuesTest(java.lang.String)[pri:0, instance:com.nse.test.NSEMainTest@100d6b1]" name="callValuesTest" duration-ms="7625" started-at="2020-01-07T05:25:40Z" data-provider="readTestData" finished-at="2020-01-07T05:25:48Z">
          <params>
            <param index="0">
              <value>
                <![CDATA[TVSMOTOR]]>
              </value>
            </param>
          </params>
          <reporter-output>
          </reporter-output>
        </test-method> <!-- callValuesTest -->
        <test-method status="PASS" signature="tearDown()[pri:0, instance:com.nse.test.NSEMainTest@100d6b1]" name="tearDown" is-config="true" duration-ms="723" started-at="2020-01-07T05:25:48Z" finished-at="2020-01-07T05:25:49Z">
          <reporter-output>
          </reporter-output>
        </test-method> <!-- tearDown -->
        <test-method status="PASS" signature="setUp()[pri:0, instance:com.nse.test.NSEMainTest@100d6b1]" name="setUp" is-config="true" duration-ms="9322" started-at="2020-01-07T05:25:49Z" finished-at="2020-01-07T05:25:58Z">
          <reporter-output>
          </reporter-output>
        </test-method> <!-- setUp -->
        <test-method status="PASS" signature="callValuesTest(java.lang.String)[pri:0, instance:com.nse.test.NSEMainTest@100d6b1]" name="callValuesTest" duration-ms="5929" started-at="2020-01-07T05:25:58Z" data-provider="readTestData" finished-at="2020-01-07T05:26:04Z">
          <params>
            <param index="0">
              <value>
                <![CDATA[UBL]]>
              </value>
            </param>
          </params>
          <reporter-output>
          </reporter-output>
        </test-method> <!-- callValuesTest -->
        <test-method status="PASS" signature="tearDown()[pri:0, instance:com.nse.test.NSEMainTest@100d6b1]" name="tearDown" is-config="true" duration-ms="673" started-at="2020-01-07T05:26:04Z" finished-at="2020-01-07T05:26:04Z">
          <reporter-output>
          </reporter-output>
        </test-method> <!-- tearDown -->
        <test-method status="PASS" signature="setUp()[pri:0, instance:com.nse.test.NSEMainTest@100d6b1]" name="setUp" is-config="true" duration-ms="9249" started-at="2020-01-07T05:26:04Z" finished-at="2020-01-07T05:26:14Z">
          <reporter-output>
          </reporter-output>
        </test-method> <!-- setUp -->
        <test-method status="PASS" signature="callValuesTest(java.lang.String)[pri:0, instance:com.nse.test.NSEMainTest@100d6b1]" name="callValuesTest" duration-ms="6366" started-at="2020-01-07T05:26:14Z" data-provider="readTestData" finished-at="2020-01-07T05:26:20Z">
          <params>
            <param index="0">
              <value>
                <![CDATA[UJJIVAN]]>
              </value>
            </param>
          </params>
          <reporter-output>
          </reporter-output>
        </test-method> <!-- callValuesTest -->
        <test-method status="PASS" signature="tearDown()[pri:0, instance:com.nse.test.NSEMainTest@100d6b1]" name="tearDown" is-config="true" duration-ms="668" started-at="2020-01-07T05:26:20Z" finished-at="2020-01-07T05:26:21Z">
          <reporter-output>
          </reporter-output>
        </test-method> <!-- tearDown -->
        <test-method status="PASS" signature="setUp()[pri:0, instance:com.nse.test.NSEMainTest@100d6b1]" name="setUp" is-config="true" duration-ms="9300" started-at="2020-01-07T05:26:21Z" finished-at="2020-01-07T05:26:30Z">
          <reporter-output>
          </reporter-output>
        </test-method> <!-- setUp -->
        <test-method status="PASS" signature="callValuesTest(java.lang.String)[pri:0, instance:com.nse.test.NSEMainTest@100d6b1]" name="callValuesTest" duration-ms="9795" started-at="2020-01-07T05:26:30Z" data-provider="readTestData" finished-at="2020-01-07T05:26:40Z">
          <params>
            <param index="0">
              <value>
                <![CDATA[ULTRACEMCO]]>
              </value>
            </param>
          </params>
          <reporter-output>
          </reporter-output>
        </test-method> <!-- callValuesTest -->
        <test-method status="PASS" signature="tearDown()[pri:0, instance:com.nse.test.NSEMainTest@100d6b1]" name="tearDown" is-config="true" duration-ms="664" started-at="2020-01-07T05:26:40Z" finished-at="2020-01-07T05:26:41Z">
          <reporter-output>
          </reporter-output>
        </test-method> <!-- tearDown -->
        <test-method status="PASS" signature="setUp()[pri:0, instance:com.nse.test.NSEMainTest@100d6b1]" name="setUp" is-config="true" duration-ms="9342" started-at="2020-01-07T05:26:41Z" finished-at="2020-01-07T05:26:50Z">
          <reporter-output>
          </reporter-output>
        </test-method> <!-- setUp -->
        <test-method status="PASS" signature="callValuesTest(java.lang.String)[pri:0, instance:com.nse.test.NSEMainTest@100d6b1]" name="callValuesTest" duration-ms="8553" started-at="2020-01-07T05:26:50Z" data-provider="readTestData" finished-at="2020-01-07T05:26:58Z">
          <params>
            <param index="0">
              <value>
                <![CDATA[UPL]]>
              </value>
            </param>
          </params>
          <reporter-output>
          </reporter-output>
        </test-method> <!-- callValuesTest -->
        <test-method status="PASS" signature="tearDown()[pri:0, instance:com.nse.test.NSEMainTest@100d6b1]" name="tearDown" is-config="true" duration-ms="662" started-at="2020-01-07T05:26:58Z" finished-at="2020-01-07T05:26:59Z">
          <reporter-output>
          </reporter-output>
        </test-method> <!-- tearDown -->
        <test-method status="PASS" signature="setUp()[pri:0, instance:com.nse.test.NSEMainTest@100d6b1]" name="setUp" is-config="true" duration-ms="9333" started-at="2020-01-07T05:26:59Z" finished-at="2020-01-07T05:27:08Z">
          <reporter-output>
          </reporter-output>
        </test-method> <!-- setUp -->
        <test-method status="PASS" signature="callValuesTest(java.lang.String)[pri:0, instance:com.nse.test.NSEMainTest@100d6b1]" name="callValuesTest" duration-ms="5934" started-at="2020-01-07T05:27:08Z" data-provider="readTestData" finished-at="2020-01-07T05:27:14Z">
          <params>
            <param index="0">
              <value>
                <![CDATA[VEDL]]>
              </value>
            </param>
          </params>
          <reporter-output>
          </reporter-output>
        </test-method> <!-- callValuesTest -->
        <test-method status="PASS" signature="tearDown()[pri:0, instance:com.nse.test.NSEMainTest@100d6b1]" name="tearDown" is-config="true" duration-ms="714" started-at="2020-01-07T05:27:14Z" finished-at="2020-01-07T05:27:15Z">
          <reporter-output>
          </reporter-output>
        </test-method> <!-- tearDown -->
        <test-method status="PASS" signature="setUp()[pri:0, instance:com.nse.test.NSEMainTest@100d6b1]" name="setUp" is-config="true" duration-ms="9307" started-at="2020-01-07T05:27:15Z" finished-at="2020-01-07T05:27:24Z">
          <reporter-output>
          </reporter-output>
        </test-method> <!-- setUp -->
        <test-method status="PASS" signature="callValuesTest(java.lang.String)[pri:0, instance:com.nse.test.NSEMainTest@100d6b1]" name="callValuesTest" duration-ms="8967" started-at="2020-01-07T05:27:24Z" data-provider="readTestData" finished-at="2020-01-07T05:27:33Z">
          <params>
            <param index="0">
              <value>
                <![CDATA[VOLTAS]]>
              </value>
            </param>
          </params>
          <reporter-output>
          </reporter-output>
        </test-method> <!-- callValuesTest -->
        <test-method status="PASS" signature="tearDown()[pri:0, instance:com.nse.test.NSEMainTest@100d6b1]" name="tearDown" is-config="true" duration-ms="671" started-at="2020-01-07T05:27:33Z" finished-at="2020-01-07T05:27:34Z">
          <reporter-output>
          </reporter-output>
        </test-method> <!-- tearDown -->
        <test-method status="PASS" signature="setUp()[pri:0, instance:com.nse.test.NSEMainTest@100d6b1]" name="setUp" is-config="true" duration-ms="9290" started-at="2020-01-07T05:27:34Z" finished-at="2020-01-07T05:27:43Z">
          <reporter-output>
          </reporter-output>
        </test-method> <!-- setUp -->
        <test-method status="PASS" signature="callValuesTest(java.lang.String)[pri:0, instance:com.nse.test.NSEMainTest@100d6b1]" name="callValuesTest" duration-ms="7648" started-at="2020-01-07T05:27:43Z" data-provider="readTestData" finished-at="2020-01-07T05:27:51Z">
          <params>
            <param index="0">
              <value>
                <![CDATA[WIPRO]]>
              </value>
            </param>
          </params>
          <reporter-output>
          </reporter-output>
        </test-method> <!-- callValuesTest -->
        <test-method status="PASS" signature="tearDown()[pri:0, instance:com.nse.test.NSEMainTest@100d6b1]" name="tearDown" is-config="true" duration-ms="675" started-at="2020-01-07T05:27:51Z" finished-at="2020-01-07T05:27:52Z">
          <reporter-output>
          </reporter-output>
        </test-method> <!-- tearDown -->
        <test-method status="PASS" signature="setUp()[pri:0, instance:com.nse.test.NSEMainTest@100d6b1]" name="setUp" is-config="true" duration-ms="9389" started-at="2020-01-07T05:27:52Z" finished-at="2020-01-07T05:28:01Z">
          <reporter-output>
          </reporter-output>
        </test-method> <!-- setUp -->
        <test-method status="PASS" signature="callValuesTest(java.lang.String)[pri:0, instance:com.nse.test.NSEMainTest@100d6b1]" name="callValuesTest" duration-ms="7910" started-at="2020-01-07T05:28:01Z" data-provider="readTestData" finished-at="2020-01-07T05:28:09Z">
          <params>
            <param index="0">
              <value>
                <![CDATA[YESBANK]]>
              </value>
            </param>
          </params>
          <reporter-output>
          </reporter-output>
        </test-method> <!-- callValuesTest -->
        <test-method status="PASS" signature="tearDown()[pri:0, instance:com.nse.test.NSEMainTest@100d6b1]" name="tearDown" is-config="true" duration-ms="669" started-at="2020-01-07T05:28:09Z" finished-at="2020-01-07T05:28:10Z">
          <reporter-output>
          </reporter-output>
        </test-method> <!-- tearDown -->
        <test-method status="PASS" signature="setUp()[pri:0, instance:com.nse.test.NSEMainTest@100d6b1]" name="setUp" is-config="true" duration-ms="9311" started-at="2020-01-07T05:28:10Z" finished-at="2020-01-07T05:28:19Z">
          <reporter-output>
          </reporter-output>
        </test-method> <!-- setUp -->
        <test-method status="PASS" signature="callValuesTest(java.lang.String)[pri:0, instance:com.nse.test.NSEMainTest@100d6b1]" name="callValuesTest" duration-ms="6557" started-at="2020-01-07T05:28:19Z" data-provider="readTestData" finished-at="2020-01-07T05:28:25Z">
          <params>
            <param index="0">
              <value>
                <![CDATA[ZEEL]]>
              </value>
            </param>
          </params>
          <reporter-output>
          </reporter-output>
        </test-method> <!-- callValuesTest -->
        <test-method status="PASS" signature="tearDown()[pri:0, instance:com.nse.test.NSEMainTest@100d6b1]" name="tearDown" is-config="true" duration-ms="674" started-at="2020-01-07T05:28:25Z" finished-at="2020-01-07T05:28:26Z">
          <reporter-output>
          </reporter-output>
        </test-method> <!-- tearDown -->
      </class> <!-- com.nse.test.NSEMainTest -->
    </test> <!-- Default test -->
  </suite> <!-- Default suite -->
</testng-results>
